"../../../Engine/Content/EditorBlueprintResources/StandardMacros.uasset" 0
"../../../Engine/Content/EngineSky/C_Sky_Cloud_Color.uasset" 1
"../../../Engine/Content/EngineSky/C_Sky_Horizon_Color.uasset" 2
"../../../Engine/Content/EngineSky/C_Sky_Zenith_Color.uasset" 3
"../../../Engine/Content/EngineSky/T_Sky_Blue.uasset" 4
"../../../Engine/Content/EngineSky/T_Sky_Clouds_M.uasset" 5
"../../../Engine/Content/EngineSky/T_Sky_Stars.uasset" 6
"../../../Engine/Content/EngineSky/SM_SkySphere.uasset" 7
"../../../Engine/Content/EngineSky/M_Sky_Panning_Clouds2.uasset" 8
"../../../Engine/Content/EngineSky/BP_Sky_Sphere.uasset" 9
"../../../Engine/Content/Functions/Engine_MaterialFunctions01/Opacity/CameraDepthFade.uasset" 10
"../../../Engine/Content/EngineMaterials/T_Default_Material_Grid_M.uasset" 11
"../../../Engine/Content/EngineMaterials/T_Default_Material_Grid_N.uasset" 12
"../../../Engine/Content/EngineMaterials/WorldGridMaterial.uasset" 13
"../../../Engine/Content/EngineMaterials/DefaultMaterial.uasset" 14
"../../../Engine/Content/MapTemplates/SM_Template_Map_Floor.uasset" 15
"../../../UMCE/Content/Maps/CE_DefaultMap.umap" 16
"../../../Engine/Content/BasicShapes/BasicShapeMaterial.uasset" 17
"../../../Engine/Content/EditorMaterials/Cascade/CASC_Cross.uasset" 18
"../../../Engine/Content/EditorMaterials/Cascade/CASC_None.uasset" 19
"../../../Engine/Content/Functions/Engine_MaterialFunctions03/Blends/Blend_Darken.uasset" 20
"../../../UMCE/Content/Blueprints/circle_3.uasset" 21
"../../../UMCE/Content/Blueprints/animtrail2.uasset" 22
"../../../Engine/Content/BasicShapes/Cube.uasset" 23
"../../../Engine/Content/BasicShapes/Cylinder.uasset" 24
"../../../UMCE/Content/Maps/CE_DefaultMap2.umap" 25
"../../../Engine/Content/EngineMaterials/DefaultDiffuse.uasset" 26
"../../../Engine/Content/EngineMaterials/DefaultNormal.uasset" 27
"../../../Engine/Content/Maps/Entry.umap" 28
"../../../Engine/Content/EngineFonts/Roboto.uasset" 29
"../../../Engine/Content/Functions/Engine_MaterialFunctions01/Shading/PowerToRoughness.uasset" 30
"../../../Engine/Content/Functions/Engine_MaterialFunctions01/Shading/ConvertFromDiffSpec.uasset" 31
"../../../Engine/Content/EngineMaterials/DefaultDeferredDecalMaterial.uasset" 32
"../../../Engine/Content/EngineMaterials/DefaultLightFunctionMaterial.uasset" 33
"../../../Engine/Content/Functions/Engine_MaterialFunctions02/Utility/BreakOutFloat2Components.uasset" 34
"../../../Engine/Content/EngineMaterials/DefaultPostProcessMaterial.uasset" 35
"../../../Engine/Content/EngineResources/DefaultTexture.uasset" 36
"../../../Engine/Content/Functions/Engine_MaterialFunctions02/Texturing/ScreenAlignedUVs.uasset" 37
"../../../Engine/Content/EngineResources/WhiteSquareTexture.uasset" 38
"../../../Engine/Content/EngineMaterials/Widget3DPassThrough.uasset" 39
"../../../Engine/Content/EngineMaterials/Widget3DPassThrough_Translucent.uasset" 40
"../../../Engine/Content/EngineMaterials/Widget3DPassThrough_Translucent_OneSided.uasset" 41
"../../../Engine/Content/EngineMaterials/Widget3DPassThrough_Opaque.uasset" 42
"../../../Engine/Content/EngineMaterials/Widget3DPassThrough_Opaque_OneSided.uasset" 43
"../../../Engine/Content/EngineMaterials/Widget3DPassThrough_Masked.uasset" 44
"../../../Engine/Content/EngineMaterials/Widget3DPassThrough_Masked_OneSided.uasset" 45
"../../../Engine/Content/EditorResources/S_Actor.uasset" 46
"../../../Engine/Content/Maps/Templates/Thumbnails/Default.uasset" 47
"../../../Engine/Content/EditorMaterials/ParticleSystems/PSysThumbnail_NoImage.uasset" 48
"../../../Engine/Content/EditorMaterials/ParticleSystems/PSysThumbnail_OOD.uasset" 49
"../../../Engine/Content/EditorLandscapeResources/DataLayer.uasset" 50
"../../../Engine/Content/EngineDamageTypes/DmgTypeBP_Environmental.uasset" 51
"../../../Engine/Content/EngineMeshes/Sphere.uasset" 52
"../../../Engine/Content/EngineFonts/RobotoDistanceField.uasset" 53
"../../../Engine/Content/EngineMaterials/DefaultTextMaterialOpaque.uasset" 54
"../../../Engine/Content/EditorResources/S_Trigger.uasset" 55
"../../../Engine/Content/EngineResources/GradientTexture0.uasset" 56
"../../../Engine/Content/EngineResources/Black.uasset" 57
"../../../Engine/Content/EditorMaterials/MatineeGroups/MAT_Groups_Float.uasset" 58
"../../../Engine/Content/EditorMaterials/MatineeGroups/MAT_Groups_Director.uasset" 59
"../../../Engine/Content/EditorMaterials/MatineeGroups/MAT_Groups_Event.uasset" 60
"../../../Engine/Content/EditorMaterials/MatineeGroups/MAT_Groups_Anim.uasset" 61
"../../../Engine/Content/EditorMaterials/MatineeGroups/MAT_Groups_Fade.uasset" 62
"../../../Engine/Content/EditorMaterials/MatineeGroups/MAT_Groups_Move.uasset" 63
"../../../Engine/Content/EditorMaterials/MatineeGroups/MAT_Groups_Slomo.uasset" 64
"../../../Engine/Content/EditorMaterials/MatineeGroups/MAT_ColorTrack.uasset" 65
"../../../Engine/Content/EditorMaterials/MAT_Groups_Toggle.uasset" 66
"../../../Engine/Content/EditorMaterials/MatineeGroups/MAT_Groups_AudioMaster.uasset" 67
"../../../Engine/Content/EditorMaterials/MatineeGroups/MAT_Groups_Sound.uasset" 68
"../../../Engine/Content/EditorMaterials/MatineeGroups/MAT_Groups_Vector.uasset" 69
"../../../Engine/Content/EditorMaterials/MAT_Groups_Visibility.uasset" 70
"../../../Engine/Content/EngineResources/DefaultTextureCube.uasset" 71
"../../../Engine/Content/EngineMeshes/Cylinder.uasset" 72
"../../../Engine/Content/EngineTireTypes/DefaultTireType.uasset" 73
"../../../Engine/Content/EngineResources/AICON-Red.uasset" 74
"../../../Engine/Content/EngineResources/AICON-Green.uasset" 75
"../../../Engine/Content/Tutorial/Basics/LevelEditorAttract.uasset" 76
"../../../Engine/Content/Tutorial/Basics/TutorialAssets/icon_tab_Levels_40x.uasset" 77
"../../../Engine/Content/Tutorial/Basics/LevelEditorOverview.uasset" 78
"../../../Engine/Content/EngineMeshes/Cube.uasset" 79
"../../../Engine/Content/Tutorial/SubEditors/StaticMeshEditorTutorial.uasset" 80
"../../../Engine/Content/Tutorial/BlueprintTutorials/TutorialAssets/Blueprint_64x.uasset" 81
"../../../Engine/Content/Tutorial/BlueprintTutorials/BlueprintEditorTutorial.uasset" 82
"../../../Engine/Content/Tutorial/SubEditors/TutorialAssets/icon_ShowSkeletalMeshes_40x.uasset" 83
"../../../Engine/Content/Tutorial/SubEditors/TutorialAssets/Character/TutorialTPP_Mat.uasset" 84
"../../../Engine/Content/Tutorial/SubEditors/TutorialAssets/Character/TutorialTPP_PhysicsAsset.uasset" 85
"../../../Engine/Content/Tutorial/SubEditors/TutorialAssets/Character/TutorialTPP.uasset" 86
"../../../Engine/Content/Tutorial/SubEditors/TutorialAssets/Character/TutorialTPP_Skeleton.uasset" 87
"../../../Engine/Content/Tutorial/SubEditors/TutorialAssets/Character/Tutorial_Idle.uasset" 88
"../../../Engine/Content/Tutorial/SubEditors/TutorialAssets/Character/Tutorial_Walk_Fwd.uasset" 89
"../../../Engine/Content/Tutorial/SubEditors/TutorialAssets/Character/NewBlendSpace1D.uasset" 90
"../../../Engine/Content/Tutorial/SubEditors/TutorialAssets/Character/TutorialCharacter.uasset" 91
"../../../Engine/Content/Tutorial/SubEditors/TutorialAssets/Character/TutorialTPP_AnimBlueprint.uasset" 92
"../../../Engine/Content/Tutorial/SubEditors/PersonaAnimBlueprintEditorWalkthrough.uasset" 93
"../../../Engine/Content/Tutorial/SubEditors/PersonaAnimEditorWalkthrough.uasset" 94
"../../../Engine/Content/Tutorial/Basics/ContentBrowserOverview.uasset" 95
"../../../Engine/Content/Tutorial/Basics/TutorialAssets/CameraActor_64x.uasset" 96
"../../../Engine/Content/Tutorial/Basics/ViewportsTutorial.uasset" 97
"../../../Engine/Content/Tutorial/Landscape/TutorialAssets/Landscape.uasset" 98
"../../../Engine/Content/Tutorial/Landscape/Landscape_Painting_Mode.uasset" 99
"../../../Engine/Content/Tutorial/Landscape/Landscape_Sculpt_Mode.uasset" 100
"../../../Engine/Content/Tutorial/Landscape/Landscape_Manage_Mode.uasset" 101
"../../../Engine/Content/Tutorial/Foliage/TutorialAssets/Foliage.uasset" 102
"../../../Engine/Content/Tutorial/Foliage/Foliage_Settings_Tutorial.uasset" 103
"../../../Engine/Content/Tutorial/Foliage/Foliage_Using_The_Tool_Tutorial.uasset" 104
"../../../Engine/Content/Tutorial/Foliage/Foliage_Intro_Tutorial.uasset" 105
"../../../Engine/Content/Tutorial/Installation/InstallingVisualStudioTutorial.uasset" 106
"../../../Engine/Content/Tutorial/ContentIntroCurve.uasset" 107
"../../../Engine/Plugins/2D/Paper2D/Content/PlaceholderTextures/DummySpriteTexture.uasset" 108
"../../../Engine/Plugins/2D/Paper2D/Content/DefaultSpriteMaterial.uasset" 109
"../../../Engine/Plugins/2D/Paper2D/Content/MaskedUnlitSpriteMaterial.uasset" 110
"../../../Engine/Plugins/2D/Paper2D/Content/OpaqueUnlitSpriteMaterial.uasset" 111
"../../../Engine/Plugins/2D/Paper2D/Content/DummySpriteTexture.uasset" 112
"../../../Engine/Plugins/2D/Paper2D/Content/DummySprite.uasset" 113
"../../../Engine/Plugins/2D/Paper2D/Content/DefaultPaperTerrainMaterial.uasset" 114
"../../../Engine/Plugins/Runtime/LeapMotionController/Content/LM_CapsuleMesh.uasset" 115
"../../../Engine/Plugins/Runtime/LeapMotionController/Content/LM_TorusMesh.uasset" 116
"../../../Engine/Plugins/Runtime/LeapMotionController/Content/LM_HandColor.uasset" 117
"../../../Engine/Plugins/Runtime/LeapMotionController/Content/LM_SampleDistortion.uasset" 118
"../../../Engine/Plugins/Runtime/LeapMotionController/Content/LM_TestTexture.uasset" 119
"../../../Engine/Plugins/Runtime/LeapMotionController/Content/LM_PassthroughMaterial.uasset" 120
"../../../Engine/Content/EngineMaterials/RemoveSurfaceMaterial.uasset" 121
"../../../Engine/Content/EngineDebugMaterials/DebugMeshMaterial.uasset" 122
"../../../Engine/Content/EngineMaterials/InvalidLightmapSettings.uasset" 123
"../../../Engine/Content/EngineMaterials/M_InvalidLightmapSettings.uasset" 124
"../../../Engine/Content/EditorMaterials/GizmoMaterial.uasset" 125
"../../../Engine/Content/EngineMaterials/Good64x64TilingNoiseHighFreq.uasset" 126
"../../../Engine/Content/EngineMaterials/DefaultBokeh.uasset" 127
"../../../Engine/Content/EngineMaterials/PreintegratedSkinBRDF.uasset" 128
"../../../Engine/Content/EngineMaterials/MiniFont.uasset" 129
"../../../Engine/Content/EngineMaterials/WeightMapPlaceholderTexture.uasset" 130
"../../../Engine/Content/EngineMaterials/DefaultWhiteGrid.uasset" 131
"../../../Engine/Content/EngineMaterials/DefaultPhysicalMaterial.uasset" 132
"../../../Engine/Content/EngineFonts/RobotoTiny.uasset" 133
"../../../Engine/Content/MobileResources/HUD/MobileHUDDirectionStick.uasset" 134
"../../../UMCE/Content/Blueprints/circle_2.uasset" 135
"../../../UMCE/Content/Assets/phong3.uasset" 136
"../../../UMCE/Content/Assets/RKnight_mat.uasset" 137
"../../../UMCE/Content/Assets/RK_idle_stand_PhysicsAsset.uasset" 138
"../../../UMCE/Content/Assets/RK_idle_stand.uasset" 139
"../../../UMCE/Content/Assets/RK_idle_stand_Skeleton.uasset" 140
"../../../UMCE/Content/Assets/RK_combat_kick.uasset" 141
"../../../Engine/Content/MobileResources/T_MobileControls_texture.uasset" 142
"../../../Engine/Content/MobileResources/HUD/VirtualJoystick_Background.uasset" 143
"../../../Engine/Content/MobileResources/HUD/VirtualJoystick_Thumb.uasset" 144
"../../../Engine/Content/MobileResources/HUD/LeftVirtualJoystickOnly.uasset" 145
"../../../UMCE/Content/Assets/RK_aimoffsets.uasset" 146
"../../../UMCE/Content/Assets/RK_aimoffsets_1.uasset" 147
"../../../UMCE/Content/Assets/RK_aimoffsets_2.uasset" 148
"../../../UMCE/Content/Assets/RK_combat_block_end.uasset" 149
"../../../UMCE/Content/Assets/RK_combat_block_loop.uasset" 150
"../../../UMCE/Content/Assets/RK_combat_block_start.uasset" 151
"../../../UMCE/Content/Assets/RK_combat_gethit.uasset" 152
"../../../Engine/Content/MobileResources/HUD/AnalogHat.uasset" 153
"../../../Engine/Content/MobileResources/HUD/DefaultVirtualJoysticks.uasset" 154
"../../../Engine/Content/MobileResources/HUD/MobileHUDButton1_on.uasset" 155
"../../../Engine/Content/MobileResources/T_MobileMenu2.uasset" 156
"../../../Engine/Content/MobileResources/HUD/MobileHUDDirectionPad3.uasset" 157
"../../../Engine/Content/MobileResources/HUD/T_Castle_ThumbstickInner.uasset" 158
"../../../Engine/Content/EditorResources/EmptyActor.uasset" 159
"../../../UMCE/Content/Blueprints/arrow.uasset" 160
"../../../Engine/Content/MobileResources/HUD/MobileHUDButtonFire.uasset" 161
"../../../UMCE/Content/Assets/RK_idle_stand_Anim.uasset" 162
"../../../UMCE/Content/Assets/RK_idle_run.uasset" 163
"../../../Engine/Content/MobileResources/HUD/T_Castle_ThumbstickOutter.uasset" 164
"../../../Engine/Content/MobileResources/HUD/MobileHUDButton3.uasset" 165
"../../../Engine/Content/MobileResources/HUD/MobileHUDButton2_off.uasset" 166
"../../../UMCE/Content/Assets/RK_idle_walk.uasset" 167
"../../../Engine/Content/MobileResources/HUD/MobileHUDDirectionPad2.uasset" 168
"../../../Engine/Content/MobileResources/HUD/MobileHUDButton1_off.uasset" 169
"../../../UMCE/Content/Assets/RK_idle_jumpend.uasset" 170
"../../../UMCE/Content/Assets/RK_idle_jumploop.uasset" 171
"../../../UMCE/Content/Assets/RK_idle_jumpstart.uasset" 172
"../../../UMCE/Content/Assets/RK_combat_idle.uasset" 173
"../../../UMCE/Content/Assets/RK_combat_run.uasset" 174
"../../../UMCE/Content/Assets/RK_combat_walk.uasset" 175
"../../../UMCE/Content/Assets/movement.uasset" 176
"../../../UMCE/Content/Assets/RKanimBP.uasset" 177
"../../../UMCE/Content/Assets/RK_combat_slash.uasset" 178
"../../../UMCE/Content/Assets/RK_combat_slash_Montage.uasset" 179
"../../../UMCE/Content/Assets/RK_combat_thrust.uasset" 180
"../../../UMCE/Content/Assets/RK_combat_thrust_Montage.uasset" 181
"../../../UMCE/Content/Assets/RK_swing_down.uasset" 182
"../../../UMCE/Content/Assets/RK_swing_down_Montage.uasset" 183
"../../../UMCE/Content/UI/OptionsWidget.uasset" 184
"../../../UMCE/Content/Blueprints/CE_HUD.uasset" 185
"../../../UMCE/Content/Assets/phong2.uasset" 186
"../../../UMCE/Content/Assets/phong4.uasset" 187
"../../../UMCE/Content/Assets/phong3_Inst.uasset" 188
"../../../UMCE/Content/Blueprints/SaberDecalStruct.uasset" 189
"../../../UMCE/Content/Blueprints/animtrail.uasset" 190
"../../../UMCE/Content/Blueprints/animtrail_Inst.uasset" 191
"../../../UMCE/Content/Blueprints/ribbonpart.uasset" 192
"../../../UMCE/Content/Blueprints/circle.uasset" 193
"../../../UMCE/Content/Blueprints/circle_Mat.uasset" 194
"../../../UMCE/Content/Blueprints/sparks.uasset" 195
"../../../UMCE/Content/Blueprints/CE_DefaultCharacter.uasset" 196
"../../../UMCE/Content/Blueprints/CE_PlayerController.uasset" 197
"../../../UMCE/Content/Blueprints/CE_GameMode.uasset" 198
"../../../Engine/Content/MobileResources/HUD/MobileHUDDirectionPad.uasset" 199
"../../../Engine/Content/MobileResources/HUD/MobileHUDButton2_on.uasset" 200
"../../../Engine/Content/EditorMaterials/PhAT_JointLimitMaterial.uasset" 201
"../../../Engine/Content/EditorMaterials/PreviewShadowIndicator.uasset" 202
"../../../Engine/Content/EditorMaterials/PreviewShadowIndicatorMaterial.uasset" 203
"../../../Engine/Content/EditorMeshes/ColorCalibrator/M_ChromeBall.uasset" 204
"../../../Engine/Content/EditorMeshes/ColorCalibrator/M_ClearCoat.uasset" 205
"../../../Engine/Content/EditorMeshes/ColorCalibrator/M_ClearCoatBlack.uasset" 206
"../../../Engine/Content/EditorMeshes/ColorCalibrator/T_ColorGrid.uasset" 207
"../../../Engine/Content/EditorMeshes/ColorCalibrator/M_ColorGrid.uasset" 208
"../../../Engine/Content/EditorMeshes/ColorCalibrator/M_GreyBall.uasset" 209
"../../../Engine/Content/EditorMeshes/ColorCalibrator/SM_ColorCalibrator.uasset" 210
"../../../Engine/Content/EditorResources/BSPVertex.uasset" 211
"../../../Engine/Content/EngineDebugMaterials/HeatmapGradient.uasset" 212
"../../../Engine/Content/EngineDebugMaterials/BoneWeightMaterial.uasset" 213
"../../../Engine/Content/EngineDebugMaterials/GeomMaterial.uasset" 214
"../../../Engine/Content/EngineMaterials/EditorBrushMaterial.uasset" 215
"../../../Engine/Content/Tutorial/BlueprintTutorials/TutorialAssets/BlueprintInterface_64x.uasset" 216
"../../../Engine/Content/Tutorial/BlueprintTutorials/TutorialAssets/Tutorial_BP_Interface.uasset" 217
"../../../Engine/Content/Tutorial/BlueprintTutorials/BlueprintInterfacesEditorOverview.uasset" 218
"../../../Engine/Content/Tutorial/BlueprintTutorials/TutorialAssets/BlueprintMacroLibrary_64x.uasset" 219
"../../../Engine/Content/Tutorial/BlueprintTutorials/TutorialAssets/Tutorial_BP_MacroLib.uasset" 220
"../../../Engine/Content/Tutorial/BlueprintTutorials/BlueprintMacroLibrariesEditorOverview.uasset" 221
"../../../Engine/Content/Tutorial/BlueprintTutorials/LevelBlueprintEditorOverview.uasset" 222
"../../../Engine/Content/Tutorial/Paper2D/TutorialAssets/Paper2DFlipbook_TutorialIcon.uasset" 223
"../../../Engine/Content/Tutorial/Paper2D/FlipbookEditorTutorial.uasset" 224
"../../../Engine/Content/Tutorial/Paper2D/TutorialAssets/Paper2DSprite_TutorialIcon.uasset" 225
"../../../Engine/Content/Tutorial/Paper2D/SpriteEditorTutorial.uasset" 226
"../../../Engine/Content/EditorMeshes/EditorCube.uasset" 227
"../../../Engine/Content/Tutorial/SubEditors/TutorialAssets/Tutorial_DM.uasset" 228
"../../../Engine/Content/Tutorial/SubEditors/DestructibleMeshEditorTutorial.uasset" 229
"../../../Engine/Content/Tutorial/SubEditors/TutorialAssets/TutorialMaterial.uasset" 230
"../../../Engine/Content/Tutorial/SubEditors/MaterialEditorTutorial.uasset" 231
"../../../Engine/Content/Tutorial/SubEditors/TutorialAssets/T_SmokeSubUV_8X8.uasset" 232
"../../../Engine/Content/Tutorial/SubEditors/TutorialAssets/T_soft_smoke.uasset" 233
"../../../Engine/Content/Tutorial/SubEditors/TutorialAssets/M_smoke_subUV_blackbody.uasset" 234
"../../../Engine/Content/Tutorial/SubEditors/TutorialAssets/TutorialParticleSystem.uasset" 235
"../../../Engine/Content/Tutorial/SubEditors/ParticleSystemEditorTutorial.uasset" 236
"../../../Engine/Content/Tutorial/SubEditors/TutorialAssets/icon_Editor_Preferences_General_40x.uasset" 237
