"E:/Development/Unreal Projects/UMCE/UMCE.uproject" 1
"../../../Engine/Plugins/2D/Paper2D/Paper2D.uplugin" 2
"../../../Engine/Plugins/Blendables/LightPropagationVolume/LightPropagationVolume.uplugin" 3
"../../../Engine/Plugins/Developer/BlankPlugin/BlankPlugin.uplugin" 4
"../../../Engine/Plugins/Developer/CodeLiteSourceCodeAccess/CodeLiteSourceCodeAccess.uplugin" 5
"../../../Engine/Plugins/Developer/GitSourceControl/GitSourceControl.uplugin" 6
"../../../Engine/Plugins/Developer/KDevelopSourceCodeAccess/KDevelopSourceCodeAccess.uplugin" 7
"../../../Engine/Plugins/Developer/NullSourceCodeAccess/NullSourceCodeAccess.uplugin" 8
"../../../Engine/Plugins/Developer/OneSkyLocalizationService/OneSkyLocalizationService.uplugin" 9
"../../../Engine/Plugins/Developer/PerforceSourceControl/PerforceSourceControl.uplugin" 10
"../../../Engine/Plugins/Developer/SubversionSourceControl/SubversionSourceControl.uplugin" 11
"../../../Engine/Plugins/Developer/UObjectPlugin/UObjectPlugin.uplugin" 12
"../../../Engine/Plugins/Developer/VisualStudioSourceCodeAccess/VisualStudioSourceCodeAccess.uplugin" 13
"../../../Engine/Plugins/Developer/XCodeSourceCodeAccess/XCodeSourceCodeAccess.uplugin" 14
"../../../Engine/Plugins/Editor/EpicSurvey/EpicSurvey.uplugin" 15
"../../../Engine/Plugins/Editor/MacGraphicsSwitching/MacGraphicsSwitching.uplugin" 16
"../../../Engine/Plugins/Editor/PluginBrowser/PluginBrowser.uplugin" 17
"../../../Engine/Plugins/Editor/SpeedTreeImporter/SpeedTreeImporter.uplugin" 18
"../../../Engine/Plugins/Experimental/BlueprintStats/BlueprintStats.uplugin" 19
"../../../Engine/Plugins/Experimental/CharacterAI/CharacterAI.uplugin" 20
"../../../Engine/Plugins/Experimental/CodeEditor/CodeEditor.uplugin" 21
"../../../Engine/Plugins/Experimental/CodeView/CodeView.uplugin" 22
"../../../Engine/Plugins/Experimental/HTML5Networking/HTML5Networking.uplugin" 23
"../../../Engine/Plugins/Experimental/LiveEditor/LiveEditor.uplugin" 24
"../../../Engine/Plugins/Experimental/Phya/Phya.uplugin" 25
"../../../Engine/Plugins/Experimental/SimpleHMD/SimpleHMD.uplugin" 26
"../../../Engine/Plugins/Experimental/StructBox/StructBox.uplugin" 27
"../../../Engine/Plugins/Media/AndroidMedia/AndroidMedia.uplugin" 28
"../../../Engine/Plugins/Media/AvfMedia/AvfMedia.uplugin" 29
"../../../Engine/Plugins/Media/MediaPlayerEditor/MediaPlayerEditor.uplugin" 30
"../../../Engine/Plugins/Media/WmfMedia/WmfMedia.uplugin" 31
"../../../Engine/Plugins/Messaging/MessagingDebugger/MessagingDebugger.uplugin" 32
"../../../Engine/Plugins/Messaging/UdpMessaging/UdpMessaging.uplugin" 33
"../../../Engine/Plugins/MovieScene/LevelSequenceEditor/LevelSequenceEditor.uplugin" 34
"../../../Engine/Plugins/NetcodeUnitTest/NetcodeUnitTest/NetcodeUnitTest.uplugin" 35
"../../../Engine/Plugins/NetcodeUnitTest/NUTUnrealEngine4/NUTUnrealEngine4.uplugin" 36
"../../../Engine/Plugins/Runtime/Advertising/IOSTapJoy/IOSTapJoy.uplugin" 37
"../../../Engine/Plugins/Runtime/Analytics/AnalyticsBlueprintLibrary/AnalyticsBlueprintLibrary.uplugin" 38
"../../../Engine/Plugins/Runtime/Analytics/AnalyticsMulticast/AnalyticsMulticast.uplugin" 39
"../../../Engine/Plugins/Runtime/Analytics/Apsalar/IOSApsalar/IOSApsalar.uplugin" 40
"../../../Engine/Plugins/Runtime/Analytics/FileLogging/FileLogging.uplugin" 41
"../../../Engine/Plugins/Runtime/Analytics/Flurry/IOSFlurry/IOSFlurry.uplugin" 42
"../../../Engine/Plugins/Runtime/AndroidDeviceProfileSelector/AndroidDeviceProfileSelector.uplugin" 43
"../../../Engine/Plugins/Runtime/AndroidMoviePlayer/AndroidMoviePlayer.uplugin" 44
"../../../Engine/Plugins/Runtime/AppleMoviePlayer/AppleMoviePlayer.uplugin" 45
"../../../Engine/Plugins/Runtime/ArchVisCharacter/ArchVisCharacter.uplugin" 46
"../../../Engine/Plugins/Runtime/CableComponent/CableComponent.uplugin" 47
"../../../Engine/Plugins/Runtime/CustomMeshComponent/CustomMeshComponent.uplugin" 48
"../../../Engine/Plugins/Runtime/ExampleDeviceProfileSelector/ExampleDeviceProfileSelector.uplugin" 49
"../../../Engine/Plugins/Runtime/GearVR/GearVR.uplugin" 50
"../../../Engine/Plugins/Runtime/IOSDeviceProfileSelector/IOSDeviceProfileSelector.uplugin" 51
"../../../Engine/Plugins/Runtime/LeapMotionController/LeapMotionController.uplugin" 52
"../../../Engine/Plugins/Runtime/LinuxDeviceProfileSelector/LinuxDeviceProfileSelector.uplugin" 53
"../../../Engine/Plugins/Runtime/LiveEditorListenServer/LiveEditorListenServer.uplugin" 54
"../../../Engine/Plugins/Runtime/OculusAudio/OculusAudio.uplugin" 55
"../../../Engine/Plugins/Runtime/OculusInput/OculusInput.uplugin" 56
"../../../Engine/Plugins/Runtime/OculusLibrary/OculusLibrary.uplugin" 57
"../../../Engine/Plugins/Runtime/OculusRift/OculusRift.uplugin" 58
"../../../Engine/Plugins/Runtime/ProceduralMeshComponent/ProceduralMeshComponent.uplugin" 59
"../../../Engine/Plugins/Runtime/SoundMod/SoundMod.uplugin" 60
"../../../Engine/Plugins/Runtime/SoundVisualizations/SoundVisualizations.uplugin" 61
"../../../Engine/Plugins/Runtime/Steam/SteamController/SteamController.uplugin" 62
"../../../Engine/Plugins/Runtime/Steam/SteamVR/SteamVR.uplugin" 63
"../../../Engine/Plugins/Runtime/WebBrowserWidget/WebBrowserWidget.uplugin" 64
"../../../Engine/Plugins/Runtime/WindowsDeviceProfileSelector/WindowsDeviceProfileSelector.uplugin" 65
"../../../Engine/Plugins/Runtime/WindowsMoviePlayer/WindowsMoviePlayer.uplugin" 66
"../../../Engine/Plugins/ScriptGeneratorPlugin/ScriptGeneratorPlugin.uplugin" 67
"../../../Engine/Plugins/ScriptPlugin/ScriptPlugin.uplugin" 68
"../../../Engine/Plugins/Slate/SlateRemote/SlateRemote.uplugin" 69
"..\..\..\Engine\Content\Internationalization\icudt53l\cnvalias.icu" 70
"..\..\..\Engine\Content\Internationalization\icudt53l\en_US_POSIX.res" 71
"..\..\..\Engine\Content\Internationalization\icudt53l\pool.res" 72
"..\..\..\Engine\Content\Internationalization\icudt53l\en_US.res" 73
"..\..\..\Engine\Content\Internationalization\icudt53l\en.res" 74
"..\..\..\Engine\Content\Internationalization\icudt53l\root.res" 75
"..\..\..\Engine\Content\Internationalization\icudt53l\en_GB.res" 76
"..\..\..\Engine\Content\Internationalization\icudt53l\en_001.res" 77
"C:/Users/Bohrium/AppData/Local/UnrealEngine/4.10/Saved/Config/Windows/Manifest.ini" 78
"../../../Engine/Config/Base.ini" 79
"../../../Engine/Config/BaseEngine.ini" 80
"E:/Development/Unreal Projects/UMCE/Config/DefaultEngine.ini" 81
"../../../Engine/Config/Windows/WindowsEngine.ini" 82
"C:/Users/Bohrium/AppData/Local/Unreal Engine/Engine/Config/UserEngine.ini" 83
"E:/Development/Unreal Projects/UMCE/Saved/Config/Windows/Engine.ini" 84
"E:/Development/Unreal Projects/UMCE/Intermediate/Config/CoalescedSourceConfigs/Engine.ini" 85
"../../../Engine/Config/BaseGame.ini" 86
"E:/Development/Unreal Projects/UMCE/Config/DefaultGame.ini" 87
"E:/Development/Unreal Projects/UMCE/Saved/Config/Windows/Game.ini" 88
"E:/Development/Unreal Projects/UMCE/Intermediate/Config/CoalescedSourceConfigs/Game.ini" 89
"../../../Engine/Config/BaseInput.ini" 90
"E:/Development/Unreal Projects/UMCE/Config/DefaultInput.ini" 91
"E:/Development/Unreal Projects/UMCE/Saved/Config/Windows/Input.ini" 92
"E:/Development/Unreal Projects/UMCE/Intermediate/Config/CoalescedSourceConfigs/Input.ini" 93
"../../../Engine/Config/BaseEditor.ini" 94
"E:/Development/Unreal Projects/UMCE/Config/DefaultEditor.ini" 95
"E:/Development/Unreal Projects/UMCE/Saved/Config/Windows/Editor.ini" 96
"E:/Development/Unreal Projects/UMCE/Intermediate/Config/CoalescedSourceConfigs/Editor.ini" 97
"../../../Engine/Config/BaseEditorPerProjectUserSettings.ini" 98
"E:/Development/Unreal Projects/UMCE/Saved/Config/Windows/EditorPerProjectUserSettings.ini" 99
"E:/Development/Unreal Projects/UMCE/Intermediate/Config/CoalescedSourceConfigs/EditorPerProjectUserSettings.ini" 100
"../../../Engine/Config/BaseEditorSettings.ini" 101
"C:/Users/Bohrium/AppData/Local/UnrealEngine/4.10/Saved/Config/Windows/EditorSettings.ini" 102
"E:/Development/Unreal Projects/UMCE/Intermediate/Config/CoalescedSourceConfigs/EditorSettings.ini" 103
"../../../Engine/Config/BaseEditorLayout.ini" 104
"C:/Users/Bohrium/AppData/Local/UnrealEngine/4.10/Saved/Config/Windows/EditorLayout.ini" 105
"E:/Development/Unreal Projects/UMCE/Intermediate/Config/CoalescedSourceConfigs/EditorLayout.ini" 106
"../../../Engine/Config/BaseEditorKeyBindings.ini" 107
"C:/Users/Bohrium/AppData/Local/UnrealEngine/4.10/Saved/Config/Windows/EditorKeyBindings.ini" 108
"E:/Development/Unreal Projects/UMCE/Intermediate/Config/CoalescedSourceConfigs/EditorKeyBindings.ini" 109
"../../../Engine/Config/BaseCompat.ini" 110
"E:/Development/Unreal Projects/UMCE/Saved/Config/Windows/Compat.ini" 111
"E:/Development/Unreal Projects/UMCE/Intermediate/Config/CoalescedSourceConfigs/Compat.ini" 112
"../../../Engine/Config/BaseLightmass.ini" 113
"E:/Development/Unreal Projects/UMCE/Saved/Config/Windows/Lightmass.ini" 114
"E:/Development/Unreal Projects/UMCE/Intermediate/Config/CoalescedSourceConfigs/Lightmass.ini" 115
"../../../Engine/Config/BaseScalability.ini" 116
"E:/Development/Unreal Projects/UMCE/Saved/Config/Windows/Scalability.ini" 117
"E:/Development/Unreal Projects/UMCE/Intermediate/Config/CoalescedSourceConfigs/Scalability.ini" 118
"E:/Development/Unreal Projects/UMCE/Saved/Config/Windows/GameUserSettings.ini" 119
"E:/Development/Unreal Projects/UMCE/Intermediate/Config/CoalescedSourceConfigs/GameUserSettings.ini" 120
"../../../Engine/Config/BaseDeviceProfiles.ini" 121
"E:/Development/Unreal Projects/UMCE/Saved/Config/Windows/DeviceProfiles.ini" 122
"E:/Development/Unreal Projects/UMCE/Intermediate/Config/CoalescedSourceConfigs/DeviceProfiles.ini" 123
"../../../Engine/Config/ConsoleVariables.ini" 124
"..\..\..\Engine\Content\Internationalization\icudt53l\es.res" 125
"..\..\..\Engine\Content\Internationalization\icudt53l\ja.res" 126
"..\..\..\Engine\Content\Internationalization\icudt53l\ko.res" 127
"..\..\..\Engine\Content\Internationalization\icudt53l\pt_BR.res" 128
"..\..\..\Engine\Content\Internationalization\icudt53l\pt.res" 129
"..\..\..\Engine\Content\Internationalization\icudt53l\zh_CN.res" 130
"..\..\..\Engine\Content\Internationalization\icudt53l\zh_Hans_CN.res" 131
"..\..\..\Engine\Content\Internationalization\icudt53l\zh_Hans.res" 132
"..\..\..\Engine\Content\Internationalization\icudt53l\zh.res" 133
"C:/Program Files/Epic Games/4.10/Engine/Content/Localization/Editor/en/Editor.locres" 134
"C:/Program Files/Epic Games/4.10/Engine/Content/Localization/EditorTutorials/en/EditorTutorials.locres" 135
"C:/Program Files/Epic Games/4.10/Engine/Content/Localization/Keywords/en/Keywords.locres" 136
"C:/Program Files/Epic Games/4.10/Engine/Content/Localization/Category/en/Category.locres" 137
"C:/Program Files/Epic Games/4.10/Engine/Content/Localization/ToolTips/en/ToolTips.locres" 138
"C:/Program Files/Epic Games/4.10/Engine/Content/Localization/PropertyNames/en/PropertyNames.locres" 139
"C:/Program Files/Epic Games/4.10/Engine/Content/Localization/Engine/en/Engine.locres" 140
"../../../Engine/Content/Slate/Fonts/Roboto-Regular.ttf" 141
"../../../Engine/Content/Slate/Fonts/DroidSansMono.ttf" 142
"../../../Engine/Content/Slate/Fonts/Roboto-Bold.ttf" 143
"../../../Engine/Content/Slate/Fonts/Roboto-Light.ttf" 144
"C:/Program Files/Epic Games/4.10/Engine/Binaries/Win64/../../../Engine/Shaders/ParticleSpriteVertexFactory.usf" 145
"C:/Program Files/Epic Games/4.10/Engine/Binaries/Win64/../../../Engine/Shaders/VertexFactoryCommon.usf" 146
"C:/Program Files/Epic Games/4.10/Engine/Binaries/Win64/../../../Engine/Shaders/Common.usf" 147
"C:/Program Files/Epic Games/4.10/Engine/Binaries/Win64/../../../Engine/Shaders/MetalCommon.usf" 148
"C:/Program Files/Epic Games/4.10/Engine/Binaries/Win64/../../../Engine/Shaders/ShaderVersion.usf" 149
"C:/Program Files/Epic Games/4.10/Engine/Binaries/Win64/../../../Engine/Shaders/CommonViewUniformBuffer.usf" 150
"C:/Program Files/Epic Games/4.10/Engine/Binaries/Win64/../../../Engine/Shaders/Definitions.usf" 151
"C:/Program Files/Epic Games/4.10/Engine/Binaries/Win64/../../../Engine/Shaders/Random.usf" 152
"C:/Program Files/Epic Games/4.10/Engine/Binaries/Win64/../../../Engine/Shaders/ParticleVertexFactoryCommon.usf" 153
"C:/Program Files/Epic Games/4.10/Engine/Binaries/Win64/../../../Engine/Shaders/ParticleGPUSpriteVertexFactory.usf" 154
"C:/Program Files/Epic Games/4.10/Engine/Binaries/Win64/../../../Engine/Shaders/ParticleBeamTrailVertexFactory.usf" 155
"C:/Program Files/Epic Games/4.10/Engine/Binaries/Win64/../../../Engine/Shaders/LocalVertexFactory.usf" 156
"C:/Program Files/Epic Games/4.10/Engine/Binaries/Win64/../../../Engine/Shaders/LocalVertexFactoryCommon.usf" 157
"C:/Program Files/Epic Games/4.10/Engine/Binaries/Win64/../../../Engine/Shaders/VectorFieldVisualizationVertexFactory.usf" 158
"C:/Program Files/Epic Games/4.10/Engine/Binaries/Win64/../../../Engine/Shaders/MeshParticleVertexFactory.usf" 159
"C:/Program Files/Epic Games/4.10/Engine/Binaries/Win64/../../../Engine/Shaders/GpuSkinVertexFactory.usf" 160
"C:/Program Files/Epic Games/4.10/Engine/Binaries/Win64/../../../Engine/Shaders/GpuSkinCacheCommon.usf" 161
"C:/Program Files/Epic Games/4.10/Engine/Binaries/Win64/../../../Engine/Shaders/LandscapeVertexFactory.usf" 162
"C:/Program Files/Epic Games/4.10/Engine/Binaries/Win64/../../../Engine/Shaders/SlateElementPixelShader.usf" 163
"C:/Program Files/Epic Games/4.10/Engine/Binaries/Win64/../../../Engine/Shaders/GammaCorrectionCommon.usf" 164
"C:/Program Files/Epic Games/4.10/Engine/Binaries/Win64/../../../Engine/Shaders/MaterialTemplate.usf" 165
"C:/Program Files/Epic Games/4.10/Engine/Binaries/Win64/../../../Engine/Shaders/DepthOfFieldCommon.usf" 166
"C:/Program Files/Epic Games/4.10/Engine/Binaries/Win64/../../../Engine/Shaders/GlobalDistanceFieldShared.usf" 167
"C:/Program Files/Epic Games/4.10/Engine/Binaries/Win64/../../../Engine/Shaders/SpeedTreeCommon.usf" 168
"C:/Program Files/Epic Games/4.10/Engine/Binaries/Win64/../../../Engine/Shaders/AtmosphereCommon.usf" 169
"C:/Program Files/Epic Games/4.10/Engine/Binaries/Win64/../../../Engine/Shaders/PaniniProjection.usf" 170
"C:/Program Files/Epic Games/4.10/Engine/Binaries/Win64/../../../Engine/Shaders/EyeAdaptationCommon.usf" 171
"C:/Program Files/Epic Games/4.10/Engine/Binaries/Win64/../../../Engine/Shaders/PostProcessCommon.usf" 172
"C:/Program Files/Epic Games/4.10/Engine/Binaries/Win64/../../../Engine/Shaders/DeferredShadingCommon.usf" 173
"C:/Program Files/Epic Games/4.10/Engine/Binaries/Win64/../../../Engine/Shaders/LightAccumulator.usf" 174
"C:/Program Files/Epic Games/4.10/Engine/Binaries/Win64/../../../Engine/Shaders/SlateVertexShader.usf" 175
"C:/Program Files/Epic Games/4.10/Engine/Binaries/Win64/../../../Engine/Shaders/ParticleSortKeyGen.usf" 176
"C:/Program Files/Epic Games/4.10/Engine/Binaries/Win64/../../../Engine/Shaders/ParticleBoundsShader.usf" 177
"C:/Program Files/Epic Games/4.10/Engine/Binaries/Win64/../../../Engine/Shaders/ParticleSimVisualizeShader.usf" 178
"C:/Program Files/Epic Games/4.10/Engine/Binaries/Win64/../../../Engine/Shaders/ParticleInjectionShader.usf" 179
"C:/Program Files/Epic Games/4.10/Engine/Binaries/Win64/../../../Engine/Shaders/ParticleSimulationShader.usf" 180
"C:/Program Files/Epic Games/4.10/Engine/Binaries/Win64/../../../Engine/Shaders/ParticleCurveInjectionShader.usf" 181
"C:/Program Files/Epic Games/4.10/Engine/Binaries/Win64/../../../Engine/Shaders/VectorFieldCompositeShaders.usf" 182
"C:/Program Files/Epic Games/4.10/Engine/Binaries/Win64/../../../Engine/Shaders/UpdateTextureShaders.usf" 183
"C:/Program Files/Epic Games/4.10/Engine/Binaries/Win64/../../../Engine/Shaders/SimpleElementColorChannelMaskPixelShader.usf" 184
"C:/Program Files/Epic Games/4.10/Engine/Binaries/Win64/../../../Engine/Shaders/SimpleElementPixelShader.usf" 185
"C:/Program Files/Epic Games/4.10/Engine/Binaries/Win64/../../../Engine/Shaders/ColorUtils.usf" 186
"C:/Program Files/Epic Games/4.10/Engine/Binaries/Win64/../../../Engine/Shaders/IESLightProfilesCommon.usf" 187
"C:/Program Files/Epic Games/4.10/Engine/Binaries/Win64/../../../Engine/Shaders/SimpleElementHitProxyPixelShader.usf" 188
"C:/Program Files/Epic Games/4.10/Engine/Binaries/Win64/../../../Engine/Shaders/SimpleElementVertexShader.usf" 189
"C:/Program Files/Epic Games/4.10/Engine/Binaries/Win64/../../../Engine/Shaders/ScreenVertexShader.usf" 190
"C:/Program Files/Epic Games/4.10/Engine/Binaries/Win64/../../../Engine/Shaders/ScreenPixelShader.usf" 191
"C:/Program Files/Epic Games/4.10/Engine/Binaries/Win64/../../../Engine/Shaders/RadixSortShaders.usf" 192
"C:/Program Files/Epic Games/4.10/Engine/Binaries/Win64/../../../Engine/Shaders/GpuSkinCacheComputeShader.usf" 193
"C:/Program Files/Epic Games/4.10/Engine/Binaries/Win64/../../../Engine/Shaders/NullPixelShader.usf" 194
"C:/Program Files/Epic Games/4.10/Engine/Binaries/Win64/../../../Engine/Shaders/LandscapeGrassWeight.usf" 195
"C:/Program Files/Epic Games/4.10/Engine/Binaries/Win64/../../../Engine/Shaders/VisualizeTexture.usf" 196
"C:/Program Files/Epic Games/4.10/Engine/Binaries/Win64/../../../Engine/Shaders/ScreenSpaceReflections.usf" 197
"C:/Program Files/Epic Games/4.10/Engine/Binaries/Win64/../../../Engine/Shaders/BRDF.usf" 198
"C:/Program Files/Epic Games/4.10/Engine/Binaries/Win64/../../../Engine/Shaders/MonteCarlo.usf" 199
"C:/Program Files/Epic Games/4.10/Engine/Binaries/Win64/../../../Engine/Shaders/ScreenSpaceRayCast.usf" 200
"C:/Program Files/Epic Games/4.10/Engine/Binaries/Win64/../../../Engine/Shaders/FilterVertexShader.usf" 201
"C:/Program Files/Epic Games/4.10/Engine/Binaries/Win64/../../../Engine/Shaders/FilterPixelShader.usf" 202
"C:/Program Files/Epic Games/4.10/Engine/Binaries/Win64/../../../Engine/Shaders/PostProcessVisualizeHDR.usf" 203
"C:/Program Files/Epic Games/4.10/Engine/Binaries/Win64/../../../Engine/Shaders/PostProcessHistogramCommon.usf" 204
"C:/Program Files/Epic Games/4.10/Engine/Binaries/Win64/../../../Engine/Shaders/TonemapCommon.usf" 205
"C:/Program Files/Epic Games/4.10/Engine/Binaries/Win64/../../../Engine/Shaders/ACES.usf" 206
"C:/Program Files/Epic Games/4.10/Engine/Binaries/Win64/../../../Engine/Shaders/MiniFontCommon.usf" 207
"C:/Program Files/Epic Games/4.10/Engine/Binaries/Win64/../../../Engine/Shaders/PostProcessVisualizeBuffer.usf" 208
"C:/Program Files/Epic Games/4.10/Engine/Binaries/Win64/../../../Engine/Shaders/PostProcessUpscale.usf" 209
"C:/Program Files/Epic Games/4.10/Engine/Binaries/Win64/../../../Engine/Shaders/PostProcessTonemap.usf" 210
"C:/Program Files/Epic Games/4.10/Engine/Binaries/Win64/../../../Engine/Shaders/PostProcessTestImage.usf" 211
"C:/Program Files/Epic Games/4.10/Engine/Binaries/Win64/../../../Engine/Shaders/PostProcessTemporalAA.usf" 212
"C:/Program Files/Epic Games/4.10/Engine/Binaries/Win64/../../../Engine/Shaders/PostProcessTemporalCommon.usf" 213
"C:/Program Files/Epic Games/4.10/Engine/Binaries/Win64/../../../Engine/Shaders/PostProcessSubsurface.usf" 214
"C:/Program Files/Epic Games/4.10/Engine/Binaries/Win64/../../../Engine/Shaders/SeparableSSS.usf" 215
"C:/Program Files/Epic Games/4.10/Engine/Binaries/Win64/../../../Engine/Shaders/PostProcessSelectionOutline.usf" 216
"C:/Program Files/Epic Games/4.10/Engine/Binaries/Win64/../../../Engine/Shaders/PostProcessSceneColorFringe.usf" 217
"C:/Program Files/Epic Games/4.10/Engine/Binaries/Win64/../../../Engine/Shaders/PostProcessNoiseBlur.usf" 218
"C:/Program Files/Epic Games/4.10/Engine/Binaries/Win64/../../../Engine/Shaders/PostProcessMotionBlur.usf" 219
"C:/Program Files/Epic Games/4.10/Engine/Binaries/Win64/../../../Engine/Shaders/FastMath.usf" 220
"C:/Program Files/Epic Games/4.10/Engine/Binaries/Win64/../../../Engine/Shaders/PostProcessVelocityFlatten.usf" 221
"C:/Program Files/Epic Games/4.10/Engine/Binaries/Win64/../../../Engine/Shaders/PostProcessMobile.usf" 222
"C:/Program Files/Epic Games/4.10/Engine/Binaries/Win64/../../../Engine/Shaders/PostProcessMaterialShaders.usf" 223
"C:/Program Files/Epic Games/4.10/Engine/Binaries/Win64/../../../Engine/Shaders/PostProcessLensFlares.usf" 224
"C:/Program Files/Epic Games/4.10/Engine/Binaries/Win64/../../../Engine/Shaders/PostProcessLensBlur.usf" 225
"C:/Program Files/Epic Games/4.10/Engine/Binaries/Win64/../../../Engine/Shaders/PostProcessBloom.usf" 226
"C:/Program Files/Epic Games/4.10/Engine/Binaries/Win64/../../../Engine/Shaders/PostProcessHMD.usf" 227
"C:/Program Files/Epic Games/4.10/Engine/Binaries/Win64/../../../Engine/Shaders/PostProcessHistogramReduce.usf" 228
"C:/Program Files/Epic Games/4.10/Engine/Binaries/Win64/../../../Engine/Shaders/PostProcessHistogram.usf" 229
"C:/Program Files/Epic Games/4.10/Engine/Binaries/Win64/../../../Engine/Shaders/PostProcessHierarchical.usf" 230
"C:/Program Files/Epic Games/4.10/Engine/Binaries/Win64/../../../Engine/Shaders/PostProcessGBufferHints.usf" 231
"C:/Program Files/Epic Games/4.10/Engine/Binaries/Win64/../../../Engine/Shaders/PostProcessEyeAdaptation.usf" 232
"C:/Program Files/Epic Games/4.10/Engine/Binaries/Win64/../../../Engine/Shaders/PostProcessDownsample.usf" 233
"C:/Program Files/Epic Games/4.10/Engine/Binaries/Win64/../../../Engine/Shaders/PostProcessDOF.usf" 234
"C:/Program Files/Epic Games/4.10/Engine/Binaries/Win64/../../../Engine/Shaders/PostProcessCompositeEditorPrimitives.usf" 235
"C:/Program Files/Epic Games/4.10/Engine/Binaries/Win64/../../../Engine/Shaders/PostProcessCombineLUTs.usf" 236
"C:/Program Files/Epic Games/4.10/Engine/Binaries/Win64/../../../Engine/Shaders/PostProcessCircleDOF.usf" 237
"C:/Program Files/Epic Games/4.10/Engine/Binaries/Win64/../../../Engine/Shaders/CircleDOFCommon.usf" 238
"C:/Program Files/Epic Games/4.10/Engine/Binaries/Win64/../../../Engine/Shaders/PostProcessBusyWait.usf" 239
"C:/Program Files/Epic Games/4.10/Engine/Binaries/Win64/../../../Engine/Shaders/PostProcessBokehDOF.usf" 240
"C:/Program Files/Epic Games/4.10/Engine/Binaries/Win64/../../../Engine/Shaders/PostProcessVisualizeDOF.usf" 241
"C:/Program Files/Epic Games/4.10/Engine/Binaries/Win64/../../../Engine/Shaders/FXAAShader.usf" 242
"C:/Program Files/Epic Games/4.10/Engine/Binaries/Win64/../../../Engine/Shaders/Fxaa3_11.usf" 243
"C:/Program Files/Epic Games/4.10/Engine/Binaries/Win64/../../../Engine/Shaders/PostProcessPassThrough.usf" 244
"C:/Program Files/Epic Games/4.10/Engine/Binaries/Win64/../../../Engine/Shaders/PostProcessLpvIndirect.usf" 245
"C:/Program Files/Epic Games/4.10/Engine/Binaries/Win64/../../../Engine/Shaders/DeferredLightingCommon.usf" 246
"C:/Program Files/Epic Games/4.10/Engine/Binaries/Win64/../../../Engine/Shaders/DynamicLightingCommon.usf" 247
"C:/Program Files/Epic Games/4.10/Engine/Binaries/Win64/../../../Engine/Shaders/ShadingModels.usf" 248
"C:/Program Files/Epic Games/4.10/Engine/Binaries/Win64/../../../Engine/Shaders/LPVFinalPass.usf" 249
"C:/Program Files/Epic Games/4.10/Engine/Binaries/Win64/../../../Engine/Shaders/LPVCommon.usf" 250
"C:/Program Files/Epic Games/4.10/Engine/Binaries/Win64/../../../Engine/Shaders/DeferredDecal.usf" 251
"C:/Program Files/Epic Games/4.10/Engine/Binaries/Win64/../../../Engine/Shaders/PostProcessAmbientOcclusion.usf" 252
"C:/Program Files/Epic Games/4.10/Engine/Binaries/Win64/../../../Engine/Shaders/PostProcessAmbient.usf" 253
"C:/Program Files/Epic Games/4.10/Engine/Binaries/Win64/../../../Engine/Shaders/CubemapCommon.usf" 254
"C:/Program Files/Epic Games/4.10/Engine/Binaries/Win64/../../../Engine/Shaders/VelocityShader.usf" 255
"C:/Program Files/Epic Games/4.10/Engine/Binaries/Win64/../../../Engine/Shaders/VelocityCommon.usf" 256
"C:/Program Files/Epic Games/4.10/Engine/Binaries/Win64/../../../Engine/Shaders/Tessellation.usf" 257
"C:/Program Files/Epic Games/4.10/Engine/Binaries/Win64/../../../Engine/Shaders/FlatTessellation.usf" 258
"C:/Program Files/Epic Games/4.10/Engine/Binaries/Win64/../../../Engine/Shaders/PNTriangles.usf" 259
"C:/Program Files/Epic Games/4.10/Engine/Binaries/Win64/../../../Engine/Shaders/TranslucentLightingShaders.usf" 260
"C:/Program Files/Epic Games/4.10/Engine/Binaries/Win64/../../../Engine/Shaders/SHCommon.usf" 261
"C:/Program Files/Epic Games/4.10/Engine/Binaries/Win64/../../../Engine/Shaders/ShadowProjectionCommon.usf" 262
"C:/Program Files/Epic Games/4.10/Engine/Binaries/Win64/../../../Engine/Shaders/TranslucentLightInjectionShaders.usf" 263
"C:/Program Files/Epic Games/4.10/Engine/Binaries/Win64/../../../Engine/Shaders/LightFunctionCommon.usf" 264
"C:/Program Files/Epic Games/4.10/Engine/Binaries/Win64/../../../Engine/Shaders/TranslucentShadowDepthShaders.usf" 265
"C:/Program Files/Epic Games/4.10/Engine/Binaries/Win64/../../../Engine/Shaders/ShadowDepthCommon.usf" 266
"C:/Program Files/Epic Games/4.10/Engine/Binaries/Win64/../../../Engine/Shaders/TiledDeferredLightShaders.usf" 267
"C:/Program Files/Epic Games/4.10/Engine/Binaries/Win64/../../../Engine/Shaders/SurfelTree.usf" 268
"C:/Program Files/Epic Games/4.10/Engine/Binaries/Win64/../../../Engine/Shaders/DistanceFieldLightingShared.usf" 269
"C:/Program Files/Epic Games/4.10/Engine/Binaries/Win64/../../../Engine/Shaders/SurfelMaterialShared.usf" 270
"C:/Program Files/Epic Games/4.10/Engine/Binaries/Win64/../../../Engine/Shaders/DistanceFieldAOShared.usf" 271
"C:/Program Files/Epic Games/4.10/Engine/Binaries/Win64/../../../Engine/Shaders/ShadowProjectionPixelShader.usf" 272
"C:/Program Files/Epic Games/4.10/Engine/Binaries/Win64/../../../Engine/Shaders/ShadowFilteringCommon.usf" 273
"C:/Program Files/Epic Games/4.10/Engine/Binaries/Win64/../../../Engine/Shaders/ShadowProjectionVertexShader.usf" 274
"C:/Program Files/Epic Games/4.10/Engine/Binaries/Win64/../../../Engine/Shaders/ShadowDepthPixelShader.usf" 275
"C:/Program Files/Epic Games/4.10/Engine/Binaries/Win64/../../../Engine/Shaders/LPVWriteVplCommon.usf" 276
"C:/Program Files/Epic Games/4.10/Engine/Binaries/Win64/../../../Engine/Shaders/LPVWriteCommon.usf" 277
"C:/Program Files/Epic Games/4.10/Engine/Binaries/Win64/../../../Engine/Shaders/ShadowDepthVertexShader.usf" 278
"C:/Program Files/Epic Games/4.10/Engine/Binaries/Win64/../../../Engine/Shaders/ShaderComplexityApplyPixelShader.usf" 279
"C:/Program Files/Epic Games/4.10/Engine/Binaries/Win64/../../../Engine/Shaders/ShaderComplexityApplyVertexShader.usf" 280
"C:/Program Files/Epic Games/4.10/Engine/Binaries/Win64/../../../Engine/Shaders/ShaderComplexityAccumulatePixelShader.usf" 281
"C:/Program Files/Epic Games/4.10/Engine/Binaries/Win64/../../../Engine/Shaders/HZBOcclusion.usf" 282
"C:/Program Files/Epic Games/4.10/Engine/Binaries/Win64/../../../Engine/Shaders/OcclusionQueryVertexShader.usf" 283
"C:/Program Files/Epic Games/4.10/Engine/Binaries/Win64/../../../Engine/Shaders/HitProxyPixelShader.usf" 284
"C:/Program Files/Epic Games/4.10/Engine/Binaries/Win64/../../../Engine/Shaders/HitProxyVertexShader.usf" 285
"C:/Program Files/Epic Games/4.10/Engine/Binaries/Win64/../../../Engine/Shaders/ReflectionEnvironmentShaders.usf" 286
"C:/Program Files/Epic Games/4.10/Engine/Binaries/Win64/../../../Engine/Shaders/ReflectionEnvironmentShared.usf" 287
"C:/Program Files/Epic Games/4.10/Engine/Binaries/Win64/../../../Engine/Shaders/SkyLightingShared.usf" 288
"C:/Program Files/Epic Games/4.10/Engine/Binaries/Win64/../../../Engine/Shaders/ReflectionEnvironmentComputeShaders.usf" 289
"C:/Program Files/Epic Games/4.10/Engine/Binaries/Win64/../../../Engine/Shaders/LightShaftShader.usf" 290
"C:/Program Files/Epic Games/4.10/Engine/Binaries/Win64/../../../Engine/Shaders/StationaryLightOverlapShaders.usf" 291
"C:/Program Files/Epic Games/4.10/Engine/Binaries/Win64/../../../Engine/Shaders/DeferredLightPixelShaders.usf" 292
"C:/Program Files/Epic Games/4.10/Engine/Binaries/Win64/../../../Engine/Shaders/DeferredLightVertexShaders.usf" 293
"C:/Program Files/Epic Games/4.10/Engine/Binaries/Win64/../../../Engine/Shaders/LPVVisualise.usf" 294
"C:/Program Files/Epic Games/4.10/Engine/Binaries/Win64/../../../Engine/Shaders/LPVGeometryVolumeCommon.usf" 295
"C:/Program Files/Epic Games/4.10/Engine/Binaries/Win64/../../../Engine/Shaders/LPVDirectLightInject.usf" 296
"C:/Program Files/Epic Games/4.10/Engine/Binaries/Win64/../../../Engine/Shaders/LPVPropagate.usf" 297
"C:/Program Files/Epic Games/4.10/Engine/Binaries/Win64/../../../Engine/Shaders/LPVPacking.usf" 298
"C:/Program Files/Epic Games/4.10/Engine/Binaries/Win64/../../../Engine/Shaders/LPVBuildGeometryVolume.usf" 299
"C:/Program Files/Epic Games/4.10/Engine/Binaries/Win64/../../../Engine/Shaders/LpvDirectionalOcclusion.usf" 300
"C:/Program Files/Epic Games/4.10/Engine/Binaries/Win64/../../../Engine/Shaders/LPVInject_AccumulateVplLists.usf" 301
"C:/Program Files/Epic Games/4.10/Engine/Binaries/Win64/../../../Engine/Shaders/LPVInject_GenerateVplLists.usf" 302
"C:/Program Files/Epic Games/4.10/Engine/Binaries/Win64/../../../Engine/Shaders/LPVClearLists.usf" 303
"C:/Program Files/Epic Games/4.10/Engine/Binaries/Win64/../../../Engine/Shaders/LPVClear.usf" 304
"C:/Program Files/Epic Games/4.10/Engine/Binaries/Win64/../../../Engine/Shaders/LightMapDensityShader.usf" 305
"C:/Program Files/Epic Games/4.10/Engine/Binaries/Win64/../../../Engine/Shaders/LightFunctionPixelShader.usf" 306
"C:/Program Files/Epic Games/4.10/Engine/Binaries/Win64/../../../Engine/Shaders/LightFunctionVertexShader.usf" 307
"C:/Program Files/Epic Games/4.10/Engine/Binaries/Win64/../../../Engine/Shaders/HeightfieldLighting.usf" 308
"C:/Program Files/Epic Games/4.10/Engine/Binaries/Win64/../../../Engine/Shaders/DistanceFieldShadowingShared.usf" 309
"C:/Program Files/Epic Games/4.10/Engine/Binaries/Win64/../../../Engine/Shaders/HdrCustomResolveShaders.usf" 310
"C:/Program Files/Epic Games/4.10/Engine/Binaries/Win64/../../../Engine/Shaders/GPUBenchmark.usf" 311
"C:/Program Files/Epic Games/4.10/Engine/Binaries/Win64/../../../Engine/Shaders/GlobalDistanceField.usf" 312
"C:/Program Files/Epic Games/4.10/Engine/Binaries/Win64/../../../Engine/Shaders/GammaCorrection.usf" 313
"C:/Program Files/Epic Games/4.10/Engine/Binaries/Win64/../../../Engine/Shaders/BasePassForForwardShadingPixelShader.usf" 314
"C:/Program Files/Epic Games/4.10/Engine/Binaries/Win64/../../../Engine/Shaders/BasePassForForwardShadingCommon.usf" 315
"C:/Program Files/Epic Games/4.10/Engine/Binaries/Win64/../../../Engine/Shaders/LightmapCommon.usf" 316
"C:/Program Files/Epic Games/4.10/Engine/Binaries/Win64/../../../Engine/Shaders/BasePassForForwardShadingVertexShader.usf" 317
"C:/Program Files/Epic Games/4.10/Engine/Binaries/Win64/../../../Engine/Shaders/HeightFogCommon.usf" 318
"C:/Program Files/Epic Games/4.10/Engine/Binaries/Win64/../../../Engine/Shaders/HeightFogPixelShader.usf" 319
"C:/Program Files/Epic Games/4.10/Engine/Binaries/Win64/../../../Engine/Shaders/HeightFogVertexShader.usf" 320
"C:/Program Files/Epic Games/4.10/Engine/Binaries/Win64/../../../Engine/Shaders/DistortAccumulatePS.usf" 321
"C:/Program Files/Epic Games/4.10/Engine/Binaries/Win64/../../../Engine/Shaders/DistortAccumulateVS.usf" 322
"C:/Program Files/Epic Games/4.10/Engine/Binaries/Win64/../../../Engine/Shaders/DistortApplyScreenPS.usf" 323
"C:/Program Files/Epic Games/4.10/Engine/Binaries/Win64/../../../Engine/Shaders/DistanceFieldSurfaceCacheLighting.usf" 324
"C:/Program Files/Epic Games/4.10/Engine/Binaries/Win64/../../../Engine/Shaders/SkyLighting.usf" 325
"C:/Program Files/Epic Games/4.10/Engine/Binaries/Win64/../../../Engine/Shaders/DistanceFieldSurfaceCacheLightingCompute.usf" 326
"C:/Program Files/Epic Games/4.10/Engine/Binaries/Win64/../../../Engine/Shaders/DistanceFieldShadowing.usf" 327
"C:/Program Files/Epic Games/4.10/Engine/Binaries/Win64/../../../Engine/Shaders/DistanceFieldScreenGridLighting.usf" 328
"C:/Program Files/Epic Games/4.10/Engine/Binaries/Win64/../../../Engine/Shaders/DistanceFieldLightingPost.usf" 329
"C:/Program Files/Epic Games/4.10/Engine/Binaries/Win64/../../../Engine/Shaders/DistanceFieldGlobalIllumination.usf" 330
"C:/Program Files/Epic Games/4.10/Engine/Binaries/Win64/../../../Engine/Shaders/DepthOnlyPixelShader.usf" 331
"C:/Program Files/Epic Games/4.10/Engine/Binaries/Win64/../../../Engine/Shaders/DepthOnlyVertexShader.usf" 332
"C:/Program Files/Epic Games/4.10/Engine/Binaries/Win64/../../../Engine/Shaders/PositionOnlyDepthVertexShader.usf" 333
"C:/Program Files/Epic Games/4.10/Engine/Binaries/Win64/../../../Engine/Shaders/DownsampleDepthPixelShader.usf" 334
"C:/Program Files/Epic Games/4.10/Engine/Binaries/Win64/../../../Engine/Shaders/EvaluateSurfelMaterial.usf" 335
"C:/Program Files/Epic Games/4.10/Engine/Binaries/Win64/../../../Engine/Shaders/ConvertToUniformMesh.usf" 336
"C:/Program Files/Epic Games/4.10/Engine/Binaries/Win64/../../../Engine/Shaders/BasePassPixelShader.usf" 337
"C:/Program Files/Epic Games/4.10/Engine/Binaries/Win64/../../../Engine/Shaders/BasePassCommon.usf" 338
"C:/Program Files/Epic Games/4.10/Engine/Binaries/Win64/../../../Engine/Shaders/ForEachLight.usf" 339
"C:/Program Files/Epic Games/4.10/Engine/Binaries/Win64/../../../Engine/Shaders/BasePassVertexShader.usf" 340
"C:/Program Files/Epic Games/4.10/Engine/Binaries/Win64/../../../Engine/Shaders/BasePassVertexCommon.usf" 341
"C:/Program Files/Epic Games/4.10/Engine/Binaries/Win64/../../../Engine/Shaders/BasePassTessellationShaders.usf" 342
"C:/Program Files/Epic Games/4.10/Engine/Binaries/Win64/../../../Engine/Shaders/AtmospherePrecompute.usf" 343
"C:/Program Files/Epic Games/4.10/Engine/Binaries/Win64/../../../Engine/Shaders/AtmospherePrecomputeCommon.usf" 344
"C:/Program Files/Epic Games/4.10/Engine/Binaries/Win64/../../../Engine/Shaders/AtmospherePrecomputeInscatter.usf" 345
"C:/Program Files/Epic Games/4.10/Engine/Binaries/Win64/../../../Engine/Shaders/AtmosphericFogShader.usf" 346
"C:/Program Files/Epic Games/4.10/Engine/Binaries/Win64/../../../Engine/Shaders/ResolveVertexShader.usf" 347
"C:/Program Files/Epic Games/4.10/Engine/Binaries/Win64/../../../Engine/Shaders/ResolvePixelShader.usf" 348
"C:/Program Files/Epic Games/4.10/Engine/Binaries/Win64/../../../Engine/Shaders/OneColorShader.usf" 349
"C:/Program Files/Epic Games/4.10/Engine/Binaries/Win64/../../../Engine/Shaders/MediaShaders.usf" 350
"C:/Program Files/Epic Games/4.10/Engine/Binaries/Win64/../../../Engine/Shaders/ClearReplacementShaders.usf" 351
"C:/Program Files/Epic Games/4.10/Engine/Binaries/Win64/../../../Engine/Shaders/SimpleElementTexture2DPreviewPixelShader.usf" 352
"C:/Program Files/Epic Games/4.10/Engine/Binaries/Win64/../../../Engine/Shaders/SimpleElementNormalMapPixelShader.usf" 353
"C:/Program Files/Epic Games/4.10/Engine/Binaries/Win64/../../../Engine/Shaders/meshpaintdilatepixelshader.usf" 354
"C:/Program Files/Epic Games/4.10/Engine/Binaries/Win64/../../../Engine/Shaders/meshpaintdilatevertexshader.usf" 355
"C:/Program Files/Epic Games/4.10/Engine/Binaries/Win64/../../../Engine/Shaders/MeshPaintPixelShader.usf" 356
"C:/Program Files/Epic Games/4.10/Engine/Binaries/Win64/../../../Engine/Shaders/MeshPaintVertexShader.usf" 357
"../../../Engine/Config/Android/AndroidEngine.ini" 358
"../../../Engine/Config/IOS/IOSEngine.ini" 359
"../../../Engine/Config/Linux/LinuxEngine.ini" 360
"C:/Users/Bohrium/AppData/Local/UnrealEngine/4.10/DerivedDataCache/Boot.ddc" 361
"../../../Engine/DerivedDataCache/Compressed.ddp" 362
"../../../Engine/Content/EngineFonts/Roboto.uasset" 363
"../../../Engine/Content/EngineMaterials/Widget3DPassThrough_Translucent.uasset" 364
"../../../Engine/Content/EngineMaterials/Widget3DPassThrough.uasset" 365
"../../../Engine/Content/Functions/Engine_MaterialFunctions02/Texturing/ScreenAlignedUVs.uasset" 366
"../../../Engine/Content/EngineResources/WhiteSquareTexture.uasset" 367
"../../../Engine/Content/Functions/Engine_MaterialFunctions01/Shading/PowerToRoughness.uasset" 368
"../../../Engine/Content/Functions/Engine_MaterialFunctions01/Shading/ConvertFromDiffSpec.uasset" 369
"../../../Engine/Content/EngineMaterials/WorldGridMaterial.uasset" 370
"../../../Engine/Content/Functions/Engine_MaterialFunctions01/Opacity/CameraDepthFade.uasset" 371
"../../../Engine/Content/EngineMaterials/T_Default_Material_Grid_M.uasset" 372
"../../../Engine/Content/EngineMaterials/T_Default_Material_Grid_N.uasset" 373
"../../../Engine/Content/EngineMaterials/DefaultDeferredDecalMaterial.uasset" 374
"../../../Engine/Content/EngineMaterials/DefaultDiffuse.uasset" 375
"../../../Engine/Content/EngineMaterials/DefaultLightFunctionMaterial.uasset" 376
"../../../Engine/Content/EngineMaterials/DefaultPostProcessMaterial.uasset" 377
"../../../Engine/Content/Functions/Engine_MaterialFunctions02/Utility/BreakOutFloat2Components.uasset" 378
"../../../Engine/Content/EngineResources/DefaultTexture.uasset" 379
"../../../Engine/Content/EngineMaterials/Widget3DPassThrough_Translucent_OneSided.uasset" 380
"../../../Engine/Content/EngineMaterials/Widget3DPassThrough_Opaque.uasset" 381
"../../../Engine/Content/EngineMaterials/Widget3DPassThrough_Opaque_OneSided.uasset" 382
"../../../Engine/Content/EngineMaterials/Widget3DPassThrough_Masked.uasset" 383
"../../../Engine/Content/EngineMaterials/Widget3DPassThrough_Masked_OneSided.uasset" 384
"../../../Engine/Content/EditorResources/S_Actor.uasset" 385
"E:/Development/Unreal Projects/UMCE/Saved/Config/Windows/TemplateDefs.ini" 386
"E:/Development/Unreal Projects/UMCE/Intermediate/Config/CoalescedSourceConfigs/TemplateDefs.ini" 387
"E:/Development/Unreal Projects/UMCE/Saved/Config/Windows/GameplayTags.ini" 388
"E:/Development/Unreal Projects/UMCE/Intermediate/Config/CoalescedSourceConfigs/GameplayTags.ini" 389
"../../../Engine/Content/Maps/Templates/Thumbnails/Default.uasset" 390
"../../../Engine/Content/EditorMaterials/ParticleSystems/PSysThumbnail_NoImage.uasset" 391
"../../../Engine/Content/EditorMaterials/ParticleSystems/PSysThumbnail_OOD.uasset" 392
"../../../Engine/Content/EditorLandscapeResources/DataLayer.uasset" 393
"../../../Engine/Content/EngineDamageTypes/DmgTypeBP_Environmental.uasset" 394
"..\..\..\Engine\Content\Internationalization\icudt53l\numberingSystems.res" 395
"..\..\..\Engine\Content\Internationalization\icudt53l\curr\supplementalData.res" 396
"..\..\..\Engine\Content\Internationalization\icudt53l\curr\pool.res" 397
"..\..\..\Engine\Content\Internationalization\icudt53l\curr\en_GB.res" 398
"..\..\..\Engine\Content\Internationalization\icudt53l\curr\en_001.res" 399
"..\..\..\Engine\Content\Internationalization\icudt53l\curr\en.res" 400
"..\..\..\Engine\Content\Internationalization\icudt53l\curr\root.res" 401
"../../../Engine/Content/EngineMeshes/Sphere.uasset" 402
"../../../Engine/Content/EngineFonts/RobotoDistanceField.uasset" 403
"../../../Engine/Content/EngineMaterials/DefaultTextMaterialOpaque.uasset" 404
"../../../Engine/Content/EditorResources/S_Trigger.uasset" 405
"../../../Engine/Content/EngineResources/GradientTexture0.uasset" 406
"../../../Engine/Content/EngineResources/Black.uasset" 407
"../../../Engine/Content/EditorMaterials/MatineeGroups/MAT_Groups_Float.uasset" 408
"../../../Engine/Content/EditorMaterials/MatineeGroups/MAT_Groups_Director.uasset" 409
"../../../Engine/Content/EditorMaterials/MatineeGroups/MAT_Groups_Event.uasset" 410
"../../../Engine/Content/EditorMaterials/MatineeGroups/MAT_Groups_Anim.uasset" 411
"../../../Engine/Content/EditorMaterials/MatineeGroups/MAT_Groups_Fade.uasset" 412
"../../../Engine/Content/EditorMaterials/MatineeGroups/MAT_Groups_Move.uasset" 413
"../../../Engine/Content/EditorMaterials/MatineeGroups/MAT_Groups_Slomo.uasset" 414
"../../../Engine/Content/EditorMaterials/MatineeGroups/MAT_ColorTrack.uasset" 415
"../../../Engine/Content/EditorMaterials/MAT_Groups_Toggle.uasset" 416
"../../../Engine/Content/EditorMaterials/MatineeGroups/MAT_Groups_AudioMaster.uasset" 417
"../../../Engine/Content/EditorMaterials/MatineeGroups/MAT_Groups_Sound.uasset" 418
"../../../Engine/Content/EditorMaterials/MatineeGroups/MAT_Groups_Vector.uasset" 419
"../../../Engine/Content/EditorMaterials/MAT_Groups_Visibility.uasset" 420
"../../../Engine/Content/EngineResources/DefaultTextureCube.uasset" 421
"../../../Engine/Content/EngineSounds/Master.uasset" 422
"../../../Engine/Content/EngineSounds/Music.uasset" 423
"../../../Engine/Content/EngineSounds/SFX.uasset" 424
"../../../Engine/Content/EngineSounds/Normal_Attack.uasset" 425
"../../../Engine/Content/EngineSounds/Special_Attack_PSM.uasset" 426
"../../../Engine/Content/EngineSounds/Duck_Normal_Attack_MixMod.uasset" 427
"../../../Engine/Content/EngineSounds/Voice.uasset" 428
"../../../Engine/Content/EngineMeshes/Cylinder.uasset" 429
"../../../Engine/Content/EngineMaterials/DefaultMaterial.uasset" 430
"../../../Engine/Content/EngineTireTypes/DefaultTireType.uasset" 431
"../../../Engine/Content/Editor/Slate/Fonts/FontAwesome.ttf" 432
"../../../Engine/Content/Editor/Slate/Fonts/DroidSansMono.ttf" 433
"../../../Engine/Content/Editor/Slate/Fonts/Roboto-BoldCondensed.ttf" 434
"../../../Engine/Content/Editor/Slate/Fonts/Roboto-Black.ttf" 435
"../../../Engine/Content/Editor/Slate/Fonts/Roboto-Italic.ttf" 436
"../../../Engine/Content/Editor/Slate/Fonts/Roboto-BoldCondensedItalic.ttf" 437
"..\..\..\Engine\Content\Internationalization\icudt53l\coll\ucadata.icu" 438
"..\..\..\Engine\Content\Internationalization\icudt53l\nfc.nrm" 439
"..\..\..\Engine\Content\Internationalization\icudt53l\coll\en.res" 440
"..\..\..\Engine\Content\Internationalization\icudt53l\coll\root.res" 441
"../../../Engine/Content/EngineResources/AICON-Red.uasset" 442
"../../../Engine/Content/EngineResources/AICON-Green.uasset" 443
"../../../Engine/Content/Tutorial/Basics/LevelEditorAttract.uasset" 444
"../../../Engine/Content/Tutorial/Basics/LevelEditorOverview.uasset" 445
"../../../Engine/Content/Tutorial/Basics/TutorialAssets/icon_tab_Levels_40x.uasset" 446
"../../../Engine/Content/Tutorial/SubEditors/StaticMeshEditorTutorial.uasset" 447
"../../../Engine/Content/Tutorial/BlueprintTutorials/BlueprintEditorTutorial.uasset" 448
"../../../Engine/Content/Tutorial/BlueprintTutorials/TutorialAssets/Blueprint_64x.uasset" 449
"../../../Engine/Content/Tutorial/SubEditors/PersonaAnimEditorWalkthrough.uasset" 450
"../../../Engine/Content/Tutorial/SubEditors/TutorialAssets/icon_ShowSkeletalMeshes_40x.uasset" 451
"../../../Engine/Content/Tutorial/Basics/ContentBrowserOverview.uasset" 452
"../../../Engine/Content/Tutorial/Basics/ViewportsTutorial.uasset" 453
"../../../Engine/Content/Tutorial/Basics/TutorialAssets/CameraActor_64x.uasset" 454
"../../../Engine/Content/Tutorial/Landscape/Landscape_Manage_Mode.uasset" 455
"../../../Engine/Content/Tutorial/Landscape/TutorialAssets/Landscape.uasset" 456
"../../../Engine/Content/Tutorial/Foliage/Foliage_Intro_Tutorial.uasset" 457
"../../../Engine/Content/Tutorial/Foliage/TutorialAssets/Foliage.uasset" 458
"../../../Engine/Content/Tutorial/SubEditors/PersonaAnimBlueprintEditorWalkthrough.uasset" 459
"../../../Engine/Content/Tutorial/Installation/InstallingVisualStudioTutorial.uasset" 460
"../../../Engine/Content/Tutorial/ContentIntroCurve.uasset" 461
"../../../Engine/Plugins/2D/Paper2D/Content/MaskedUnlitSpriteMaterial.uasset" 462
"../../../Engine/Plugins/2D/Paper2D/Content/DefaultSpriteMaterial.uasset" 463
"../../../Engine/Plugins/2D/Paper2D/Content/PlaceholderTextures/DummySpriteTexture.uasset" 464
"../../../Engine/Plugins/2D/Paper2D/Content/OpaqueUnlitSpriteMaterial.uasset" 465
"../../../Engine/Plugins/2D/Paper2D/Content/DefaultPaperTerrainMaterial.uasset" 466
"../../../Engine/Plugins/2D/Paper2D/Content/DummySprite.uasset" 467
"../../../Engine/Plugins/2D/Paper2D/Content/DummySpriteTexture.uasset" 468
"C:/Users/Bohrium/AppData/Local/UnrealEngine/4.10/Saved/Config/Windows/SourceControlSettings.ini" 469
"E:/Development/Unreal Projects/UMCE/Intermediate/Config/CoalescedSourceConfigs/SourceControlSettings.ini" 470
"E:/Development/Unreal Projects/UMCE/Saved/Config/Windows/SourceControlSettings.ini" 471
"../../../Engine/Plugins/Runtime/LeapMotionController/Content/LM_CapsuleMesh.uasset" 472
"../../../Engine/Plugins/Runtime/LeapMotionController/Content/LM_TorusMesh.uasset" 473
"../../../Engine/Plugins/Runtime/LeapMotionController/Content/LM_HandColor.uasset" 474
"../../../Engine/Plugins/Runtime/LeapMotionController/Content/LM_PassthroughMaterial.uasset" 475
"../../../Engine/Plugins/Runtime/LeapMotionController/Content/LM_SampleDistortion.uasset" 476
"../../../Engine/Plugins/Runtime/LeapMotionController/Content/LM_TestTexture.uasset" 477
"../../../Engine/Content/BasicShapes/Cube.uasset" 478
"../../../Engine/Content/EngineMaterials/RemoveSurfaceMaterial.uasset" 479
"../../../Engine/Content/EngineDebugMaterials/DebugMeshMaterial.uasset" 480
"../../../Engine/Content/EngineMaterials/M_InvalidLightmapSettings.uasset" 481
"../../../Engine/Content/EngineMaterials/InvalidLightmapSettings.uasset" 482
"../../../Engine/Content/EditorMaterials/GizmoMaterial.uasset" 483
"../../../Engine/Content/EngineMaterials/Good64x64TilingNoiseHighFreq.uasset" 484
"../../../Engine/Content/EngineMaterials/DefaultBokeh.uasset" 485
"../../../Engine/Content/EngineMaterials/PreintegratedSkinBRDF.uasset" 486
"../../../Engine/Content/EngineMaterials/MiniFont.uasset" 487
"../../../Engine/Content/EngineMaterials/WeightMapPlaceholderTexture.uasset" 488
"../../../Engine/Content/EngineMaterials/DefaultWhiteGrid.uasset" 489
"../../../Engine/Content/EngineMaterials/DefaultPhysicalMaterial.uasset" 490
"../../../Engine/Content/EngineFonts/RobotoTiny.uasset" 491
"E:/Development/Unreal Projects/UMCE/Intermediate/CachedAssetRegistry.bin" 492
"E:/Development/Unreal Projects/UMCE/Content/Maps/CE_DefaultMap2.umap" 493
"E:/Development/Unreal Projects/UMCE/Saved/Autosaves/Game/Blueprints/animtrail_Auto2.uasset" 494
"E:/Development/Unreal Projects/UMCE/Saved/Autosaves/Game/Blueprints/CE_DefaultCharacter_Auto1.uasset" 495
"E:/Development/Unreal Projects/UMCE/Saved/Autosaves/Game/Blueprints/CE_DefaultCharacter_Auto2.uasset" 496
"E:/Development/Unreal Projects/UMCE/Saved/Autosaves/Game/Blueprints/CE_DefaultCharacter_Auto3.uasset" 497
"E:/Development/Unreal Projects/UMCE/Saved/Autosaves/Game/Blueprints/CE_DefaultCharacter_Auto4.uasset" 498
"E:/Development/Unreal Projects/UMCE/Saved/Autosaves/Game/Blueprints/CE_DefaultCharacter_Auto5.uasset" 499
"E:/Development/Unreal Projects/UMCE/Saved/Autosaves/Game/Blueprints/CE_DefaultCharacter_Auto6.uasset" 500
"E:/Development/Unreal Projects/UMCE/Saved/Autosaves/Game/Maps/CE_DefaultMap2_Auto2.umap" 501
"E:/Development/Unreal Projects/UMCE/Saved/Autosaves/Game/Maps/CE_DefaultMap2_Auto4.umap" 502
"E:/Development/Unreal Projects/UMCE/Saved/Autosaves/Game/Maps/UEDPCCE_DefaultMap2.umap" 503
"../../../Engine/Config/HTML5/HTML5Engine.ini" 504
"../../../Engine/Content/MobileResources/HUD/VirtualJoystick_Thumb.uasset" 505
"E:/Development/Unreal Projects/UMCE/Content/Blueprints/CE_GameMode.uasset" 506
"E:/Development/Unreal Projects/UMCE/Content/Blueprints/CE_DefaultCharacter.uasset" 507
"E:/Development/Unreal Projects/UMCE/Content/Assets/RKanimBP.uasset" 508
"E:/Development/Unreal Projects/UMCE/Content/Assets/RK_idle_jumpend.uasset" 509
"E:/Development/Unreal Projects/UMCE/Content/Assets/RK_idle_stand_Skeleton.uasset" 510
"E:/Development/Unreal Projects/UMCE/Content/Assets/RK_idle_jumploop.uasset" 511
"E:/Development/Unreal Projects/UMCE/Content/Assets/RK_idle_jumpstart.uasset" 512
"E:/Development/Unreal Projects/UMCE/Content/Assets/movement.uasset" 513
"E:/Development/Unreal Projects/UMCE/Content/Assets/RK_combat_idle.uasset" 514
"E:/Development/Unreal Projects/UMCE/Content/Assets/RK_combat_run.uasset" 515
"E:/Development/Unreal Projects/UMCE/Content/Assets/RK_combat_walk.uasset" 516
"E:/Development/Unreal Projects/UMCE/Content/Blueprints/SaberDecalStruct.uasset" 517
"E:/Development/Unreal Projects/UMCE/Content/Blueprints/CE_HUD.uasset" 518
"E:/Development/Unreal Projects/UMCE/Content/UI/OptionsWidget.uasset" 519
"E:/Development/Unreal Projects/UMCE/Content/Blueprints/ribbonpart.uasset" 520
"E:/Development/Unreal Projects/UMCE/Content/Blueprints/animtrail_Inst.uasset" 521
"E:/Development/Unreal Projects/UMCE/Content/Blueprints/animtrail.uasset" 522
"E:/Development/Unreal Projects/UMCE/Content/Assets/RK_idle_stand.uasset" 523
"E:/Development/Unreal Projects/UMCE/Content/Assets/phong3.uasset" 524
"E:/Development/Unreal Projects/UMCE/Content/Assets/RKnight_mat.uasset" 525
"E:/Development/Unreal Projects/UMCE/Content/Assets/RK_idle_stand_PhysicsAsset.uasset" 526
"E:/Development/Unreal Projects/UMCE/Content/Assets/phong4.uasset" 527
"../../../Engine/Content/BasicShapes/Cylinder.uasset" 528
"E:/Development/Unreal Projects/UMCE/Content/Assets/phong3_Inst.uasset" 529
"E:/Development/Unreal Projects/UMCE/Content/Assets/phong2.uasset" 530
"E:/Development/Unreal Projects/UMCE/Content/Assets/RK_combat_slash_Montage.uasset" 531
"E:/Development/Unreal Projects/UMCE/Content/Assets/RK_combat_slash.uasset" 532
"E:/Development/Unreal Projects/UMCE/Content/Assets/RK_combat_thrust_Montage.uasset" 533
"E:/Development/Unreal Projects/UMCE/Content/Assets/RK_combat_thrust.uasset" 534
"E:/Development/Unreal Projects/UMCE/Content/Assets/RK_swing_down_Montage.uasset" 535
"E:/Development/Unreal Projects/UMCE/Content/Assets/RK_swing_down.uasset" 536
"../../../Engine/Content/EditorBlueprintResources/StandardMacros.uasset" 537
"E:/Development/Unreal Projects/UMCE/Content/Blueprints/animtrail2.uasset" 538
"../../../Engine/Content/Functions/Engine_MaterialFunctions03/Blends/Blend_Darken.uasset" 539
"../../../Engine/Content/EditorMaterials/Cascade/CASC_Cross.uasset" 540
"../../../Engine/Content/EditorMaterials/Cascade/CASC_None.uasset" 541
"E:/Development/Unreal Projects/UMCE/Content/Blueprints/circle_3.uasset" 542
"E:/Development/Unreal Projects/UMCE/Content/Blueprints/sparks.uasset" 543
"E:/Development/Unreal Projects/UMCE/Content/Blueprints/circle_Mat.uasset" 544
"E:/Development/Unreal Projects/UMCE/Content/Blueprints/circle.uasset" 545
"E:/Development/Unreal Projects/UMCE/Content/Blueprints/CE_PlayerController.uasset" 546
"C:/Users/Bohrium/AppData/Local/UnrealEngine/Common/DerivedDataCache/1/7/0/MATSM_984AFA3849534FAA8491540B994BD32E_PCD3D_SM5_3__BC5N_DEV_SL_NODBUF0CBE7C19__0FFA7DEEEECA96DA8F0B68690B6B9389351AC8AC.udd" 547
"C:/Users/Bohrium/AppData/Local/UnrealEngine/Common/DerivedDataCache/1/9/0/MATSM_984AFA3849534FAA8491540B994BD32E_PCD3D_SM5_3__BC5N_DEV_SL_NODBUF0635222C__C4DA1AE4B68673FA6DD1D2FB307485B513886A57.udd" 548
"C:/Users/Bohrium/AppData/Local/UnrealEngine/Common/DerivedDataCache/9/9/1/MATSM_984AFA3849534FAA8491540B994BD32E_PCD3D_SM5_3__BC5N_DEV_SL_NODBUFE038C28A__59B88EE3BBB01848063429E11A02D6DFD45F64B0.udd" 549
"C:/Users/Bohrium/AppData/Local/UnrealEngine/Common/DerivedDataCache/5/2/6/MATSM_984AFA3849534FAA8491540B994BD32E_PCD3D_SM5_3__BC5N_DEV_SL_NODBUF8DC695A3__63220D2D4D0FE98A1D897984E0E08224FCA990A0.udd" 550
"C:/Users/Bohrium/AppData/Local/UnrealEngine/Common/DerivedDataCache/8/9/0/MATSM_984AFA3849534FAA8491540B994BD32E_PCD3D_SM5_3__BC5N_DEV_SL_NODBUFCB701F68__07B3B77E26F0A344332EF3D8EBB8F57617EEB9D9.udd" 551
"C:/Users/Bohrium/AppData/Local/UnrealEngine/Common/DerivedDataCache/8/0/5/MATSM_984AFA3849534FAA8491540B994BD32E_PCD3D_SM5_3__BC5N_DEV_SL_NODBUF44830E8F__3F812D55906015906FB3115FD4B58300826FE257.udd" 552
"C:/Users/Bohrium/AppData/Local/UnrealEngine/Common/DerivedDataCache/1/7/2/MATSM_984AFA3849534FAA8491540B994BD32E_PCD3D_SM5_3__BC5N_DEV_SL_NODBUF240B93B3__6497DC0EEE2177C4779A22B7634EF0FC2DD70C35.udd" 553
"../../../Engine/Content/EditorResources/BSPVertex.uasset" 554
"../../../Engine/Content/EngineDebugMaterials/GeomMaterial.uasset" 555
"../../../Engine/Content/EngineDebugMaterials/BoneWeightMaterial.uasset" 556
"../../../Engine/Content/EngineDebugMaterials/HeatmapGradient.uasset" 557
"../../../Engine/Content/EditorMaterials/PhAT_JointLimitMaterial.uasset" 558
"../../../Engine/Content/EditorMaterials/PreviewShadowIndicatorMaterial.uasset" 559
"../../../Engine/Content/EditorMaterials/PreviewShadowIndicator.uasset" 560
"../../../Engine/Content/EngineMaterials/EditorBrushMaterial.uasset" 561
"../../../Engine/Content/EditorMeshes/ColorCalibrator/SM_ColorCalibrator.uasset" 562
"../../../Engine/Content/EditorMeshes/ColorCalibrator/M_ChromeBall.uasset" 563
"../../../Engine/Content/EditorMeshes/ColorCalibrator/M_ClearCoat.uasset" 564
"../../../Engine/Content/EditorMeshes/ColorCalibrator/M_ClearCoatBlack.uasset" 565
"../../../Engine/Content/EditorMeshes/ColorCalibrator/M_ColorGrid.uasset" 566
"../../../Engine/Content/EditorMeshes/ColorCalibrator/T_ColorGrid.uasset" 567
"../../../Engine/Content/EditorMeshes/ColorCalibrator/M_GreyBall.uasset" 568
"../../../Engine/Content/MobileResources/HUD/DefaultVirtualJoysticks.uasset" 569
"../../../Engine/Content/MobileResources/HUD/VirtualJoystick_Background.uasset" 570
"../../../Engine/Content/Tutorial/SubEditors/TutorialAssets/icon_Editor_Preferences_General_40x.uasset" 571
"../../../Engine/Content/Tutorial/Paper2D/TutorialAssets/Paper2DSprite_TutorialIcon.uasset" 572
"../../../Engine/Content/Tutorial/BlueprintTutorials/BlueprintMacroLibrariesEditorOverview.uasset" 573
"../../../Engine/Content/Tutorial/BlueprintTutorials/TutorialAssets/BlueprintMacroLibrary_64x.uasset" 574
"../../../Engine/Content/Tutorial/BlueprintTutorials/TutorialAssets/Tutorial_BP_MacroLib.uasset" 575
"../../../Engine/Content/Tutorial/BlueprintTutorials/BlueprintInterfacesEditorOverview.uasset" 576
"../../../Engine/Content/Tutorial/BlueprintTutorials/TutorialAssets/BlueprintInterface_64x.uasset" 577
"../../../Engine/Content/Tutorial/BlueprintTutorials/TutorialAssets/Tutorial_BP_Interface.uasset" 578
"../../../Engine/Content/Tutorial/BlueprintTutorials/LevelBlueprintEditorOverview.uasset" 579
"../../../Engine/Content/Tutorial/SubEditors/DestructibleMeshEditorTutorial.uasset" 580
"../../../Engine/Content/Tutorial/SubEditors/TutorialAssets/Tutorial_DM.uasset" 581
"../../../Engine/Content/EditorMeshes/EditorCube.uasset" 582
"../../../Engine/Content/Tutorial/SubEditors/MaterialEditorTutorial.uasset" 583
"../../../Engine/Content/Tutorial/SubEditors/TutorialAssets/TutorialMaterial.uasset" 584
"../../../Engine/Content/Tutorial/SubEditors/ParticleSystemEditorTutorial.uasset" 585
"../../../Engine/Content/Tutorial/SubEditors/TutorialAssets/TutorialParticleSystem.uasset" 586
"../../../Engine/Content/Tutorial/SubEditors/TutorialAssets/M_smoke_subUV_blackbody.uasset" 587
"../../../Engine/Content/Tutorial/SubEditors/TutorialAssets/T_SmokeSubUV_8X8.uasset" 588
"../../../Engine/Content/Tutorial/SubEditors/TutorialAssets/T_soft_smoke.uasset" 589
"../../../Engine/Content/Tutorial/Paper2D/SpriteEditorTutorial.uasset" 590
"../../../Engine/Content/Tutorial/Paper2D/FlipbookEditorTutorial.uasset" 591
"../../../Engine/Content/Tutorial/Paper2D/TutorialAssets/Paper2DFlipbook_TutorialIcon.uasset" 592
"../../../Engine/Content/EngineMeshes/Cube.uasset" 593
"../../../Engine/Content/Tutorial/SubEditors/TutorialAssets/Character/NewBlendSpace1D.uasset" 594
"../../../Engine/Content/Tutorial/SubEditors/TutorialAssets/Character/Tutorial_Idle.uasset" 595
"../../../Engine/Content/Tutorial/SubEditors/TutorialAssets/Character/TutorialTPP_Skeleton.uasset" 596
"../../../Engine/Content/Tutorial/SubEditors/TutorialAssets/Character/Tutorial_Walk_Fwd.uasset" 597
"../../../Engine/Content/Tutorial/SubEditors/TutorialAssets/Character/TutorialTPP.uasset" 598
"../../../Engine/Content/Tutorial/SubEditors/TutorialAssets/Character/TutorialTPP_Mat.uasset" 599
"../../../Engine/Content/Tutorial/SubEditors/TutorialAssets/Character/TutorialTPP_PhysicsAsset.uasset" 600
"../../../Engine/Content/Tutorial/Landscape/Landscape_Sculpt_Mode.uasset" 601
"../../../Engine/Content/Tutorial/Landscape/Landscape_Painting_Mode.uasset" 602
"../../../Engine/Content/Tutorial/Foliage/Foliage_Using_The_Tool_Tutorial.uasset" 603
"../../../Engine/Content/Tutorial/Foliage/Foliage_Settings_Tutorial.uasset" 604
"../../../Engine/Content/Tutorial/SubEditors/TutorialAssets/Character/TutorialTPP_AnimBlueprint.uasset" 605
"../../../Engine/Content/Tutorial/SubEditors/TutorialAssets/Character/TutorialCharacter.uasset" 606
"../../../Engine/Content/MobileResources/HUD/T_Castle_ThumbstickInner.uasset" 607
"../../../Engine/Content/MobileResources/HUD/MobileHUDDirectionPad3.uasset" 608
"../../../Engine/Content/MobileResources/T_MobileMenu2.uasset" 609
"C:/Users/Bohrium/AppData/Local/Temp/UnrealShaderWorkingDir/AF15E7684B39F1B9B3E81AA23C1F9053/1/WorkerOutputOnly.out" 610
"C:/Users/Bohrium/AppData/Local/Temp/UnrealShaderWorkingDir/AF15E7684B39F1B9B3E81AA23C1F9053/0/WorkerOutputOnly.out" 611
"../../../Engine/Content/MobileResources/HUD/MobileHUDButton1_on.uasset" 612
"../../../Engine/Content/MobileResources/HUD/AnalogHat.uasset" 613
"E:/Development/Unreal Projects/UMCE/Content/Blueprints/NewParticleSystem.uasset" 614
"C:/Users/Bohrium/AppData/Local/Temp/UnrealShaderWorkingDir/AF15E7684B39F1B9B3E81AA23C1F9053/2/WorkerOutputOnly.out" 615
"E:/Development/Unreal Projects/UMCE/Content/Assets/RK_combat_gethit.uasset" 616
"E:/Development/Unreal Projects/UMCE/Content/Assets/RK_combat_block_start.uasset" 617
"E:/Development/Unreal Projects/UMCE/Content/Assets/RK_combat_block_loop.uasset" 618
"E:/Development/Unreal Projects/UMCE/Content/Assets/RK_combat_block_end.uasset" 619
"E:/Development/Unreal Projects/UMCE/Content/Assets/RK_aimoffsets_2.uasset" 620
"E:/Development/Unreal Projects/UMCE/Content/Assets/RK_aimoffsets_1.uasset" 621
"E:/Development/Unreal Projects/UMCE/Content/Assets/RK_aimoffsets.uasset" 622
"../../../Engine/Content/MobileResources/HUD/LeftVirtualJoystickOnly.uasset" 623
"../../../Engine/Content/MobileResources/T_MobileControls_texture.uasset" 624
"E:/Development/Unreal Projects/UMCE/Content/Assets/RK_combat_kick.uasset" 625
"C:/Users/Bohrium/AppData/Local/UnrealEngine/Common/DerivedDataCache/9/6/5/MATSM_984AFA3849534FAA8491540B994BD32E_PCD3D_SM4_3__BC5N_DEV_SL_NODBUFE038C28A__0C0C08667EA9E86534773D6399DFB85DB43FFE0F.udd" 626
"E:/Development/Unreal Projects/UMCE/Content/Blueprints/circle_2.uasset" 627
"C:/Users/Bohrium/AppData/Local/UnrealEngine/Common/DerivedDataCache/4/7/9/TEXTURE_814DCC3DC72143F49509781513CB9855_AUTODXT_7F2B94A74612A738BE20B0873828B__634BECE3EBD4316AAA80CD4FEE70F3D2CBA7AF85.udd" 628
"C:/Users/Bohrium/AppData/Local/UnrealEngine/Common/DerivedDataCache/8/6/4/TEXTURE_814DCC3DC72143F49509781513CB9855_AUTODXT_7F2B94A74612A738BE20B0873828B__4C26D787269ADCA1FC1F23DF054998DA1F3A3140.udd" 629
"C:/Users/Bohrium/AppData/Local/UnrealEngine/Common/DerivedDataCache/7/2/9/TEXTURE_814DCC3DC72143F49509781513CB9855_AUTODXT_7F2B94A74612A738BE20B0873828B__ADC9D17E7848B87BAA3560941C5956650443F3A4.udd" 630
"C:/Users/Bohrium/AppData/Local/UnrealEngine/Common/DerivedDataCache/1/1/8/TEXTURE_814DCC3DC72143F49509781513CB9855_AUTODXT_7F2B94A74612A738BE20B0873828B__3ACC5D9576ADFE14C31D94C428E5DCB38BB5FA75.udd" 631
"C:/Users/Bohrium/AppData/Local/UnrealEngine/Common/DerivedDataCache/6/3/1/TEXTURE_814DCC3DC72143F49509781513CB9855_AUTODXT_6070860A447EC0847B2183B6AE715__35A578BF228E4A64D31E44B1BBCF43A8A383F119.udd" 632
"C:/Users/Bohrium/AppData/Local/UnrealEngine/Common/DerivedDataCache/7/7/5/TEXTURE_814DCC3DC72143F49509781513CB9855_AUTODXT_6070860A447EC0847B2183B6AE715__0B7CED9DDBBB841666DD726DFBB9C77332FFADBD.udd" 633
"C:/Users/Bohrium/AppData/Local/UnrealEngine/Common/DerivedDataCache/4/6/7/TEXTURE_814DCC3DC72143F49509781513CB9855_AUTODXT_6070860A447EC0847B2183B6AE715__6BA0AC4D4A2102D8EC6E37261BFA1F724853F44B.udd" 634
"C:/Users/Bohrium/AppData/Local/UnrealEngine/Common/DerivedDataCache/9/5/3/TEXTURE_814DCC3DC72143F49509781513CB9855_AUTODXT_6070860A447EC0847B2183B6AE715__2F2A101AE38DDA9A427C821528F85A743DF1DFF5.udd" 635
"../../../Engine/Content/MobileResources/HUD/MobileHUDDirectionStick.uasset" 636
"../../../Engine/Content/Maps/Entry.umap" 637
"../../../Engine/Content/EngineMaterials/DefaultNormal.uasset" 638
"../../../Engine/Content/EngineSky/BP_Sky_Sphere.uasset" 639
"../../../Engine/Content/EngineSky/C_Sky_Cloud_Color.uasset" 640
"../../../Engine/Content/EngineSky/C_Sky_Horizon_Color.uasset" 641
"../../../Engine/Content/EngineSky/C_Sky_Zenith_Color.uasset" 642
"../../../Engine/Content/EngineSky/M_Sky_Panning_Clouds2.uasset" 643
"../../../Engine/Content/EngineSky/T_Sky_Blue.uasset" 644
"../../../Engine/Content/EngineSky/T_Sky_Clouds_M.uasset" 645
"../../../Engine/Content/EngineSky/T_Sky_Stars.uasset" 646
"../../../Engine/Content/EngineSky/SM_SkySphere.uasset" 647
"../../../Engine/Content/BasicShapes/BasicShapeMaterial.uasset" 648
"../../../Engine/Content/MapTemplates/SM_Template_Map_Floor.uasset" 649
"../../../Engine/Content/EditorResources/EmptyActor.uasset" 650
"C:/Users/Bohrium/AppData/Local/UnrealEngine/Common/DerivedDataCache/9/7/9/TEXTURE_814DCC3DC72143F49509781513CB9855_AUTODXT_B5FED60A4EC1DE82BED7029A4EA4E__7A46AFE4D4AD68B45C6B22E51D41B2CE8C1ABCE6.udd" 651
"C:/Users/Bohrium/AppData/Local/UnrealEngine/Common/DerivedDataCache/5/5/2/TEXTURE_814DCC3DC72143F49509781513CB9855_AUTODXT_B5FED60A4EC1DE82BED7029A4EA4E__E176C2B29A50245EE6F3EAC07999792DA827937F.udd" 652
"C:/Users/Bohrium/AppData/Local/UnrealEngine/Common/DerivedDataCache/2/3/9/TEXTURE_814DCC3DC72143F49509781513CB9855_AUTODXT_B5FED60A4EC1DE82BED7029A4EA4E__312839D6457075DDEBEDB7B1EDBA1BE638F11AA3.udd" 653
"C:/Users/Bohrium/AppData/Local/UnrealEngine/Common/DerivedDataCache/8/6/1/TEXTURE_814DCC3DC72143F49509781513CB9855_AUTODXT_B5FED60A4EC1DE82BED7029A4EA4E__7F2856EBC439A9D37DBC4676A0AF4FE0214F8B1A.udd" 654
"E:/Development/Unreal Projects/UMCE/Content/Blueprints/CEPlayerController.uasset" 655
"E:/Development/Unreal Projects/UMCE/Content/Blueprints/CEHUD.uasset" 656
"E:/Development/Unreal Projects/UMCE/Content/Blueprints/CEGameMode.uasset" 657
"E:/Development/Unreal Projects/UMCE/Content/Blueprints/arrow.uasset" 658
"C:/Users/Bohrium/AppData/Local/UnrealEngine/Common/DerivedDataCache/5/4/2/TEXTURE_814DCC3DC72143F49509781513CB9855_AUTODXT_41608B7A4617216AD3A45DA93A3A5__AC088ED4EC751919F2204C1DAF489D353D1B5B49.udd" 659
"C:/Users/Bohrium/AppData/Local/UnrealEngine/Common/DerivedDataCache/1/9/2/TEXTURE_814DCC3DC72143F49509781513CB9855_AUTODXT_41608B7A4617216AD3A45DA93A3A5__5CACCFD8CB9BF2357ADAC4D0BB286FDD3690104E.udd" 660
"C:/Users/Bohrium/AppData/Local/UnrealEngine/Common/DerivedDataCache/3/9/1/TEXTURE_814DCC3DC72143F49509781513CB9855_AUTODXT_41608B7A4617216AD3A45DA93A3A5__44BED26345D6426461FFAF32255EC58E247DDF59.udd" 661
"C:/Users/Bohrium/AppData/Local/UnrealEngine/Common/DerivedDataCache/8/2/3/TEXTURE_814DCC3DC72143F49509781513CB9855_AUTODXT_41608B7A4617216AD3A45DA93A3A5__829E4072B0DD23C4A9258CA6E2FD6A0BF984B17D.udd" 662
"../../../Engine/Content/MobileResources/HUD/MobileHUDButtonFire.uasset" 663
"E:/Development/Unreal Projects/UMCE/Content/Assets/RK_idle_stand_Anim.uasset" 664
"E:/Development/Unreal Projects/UMCE/Content/Assets/RK_idle_run.uasset" 665
"../../../Engine/Content/MobileResources/HUD/T_Castle_ThumbstickOutter.uasset" 666
"../../../Engine/Content/MobileResources/HUD/MobileHUDButton3.uasset" 667
"../../../Engine/Content/MobileResources/HUD/MobileHUDButton2_off.uasset" 668
"E:/Development/Unreal Projects/UMCE/Content/Assets/RK_idle_walk.uasset" 669
"../../../Engine/Content/MobileResources/HUD/MobileHUDDirectionPad2.uasset" 670
"../../../Engine/Content/MobileResources/HUD/MobileHUDButton1_off.uasset" 671
"E:/Development/Unreal Projects/UMCE/Content/Maps/CE_DefaultMap.umap" 672
"../../../Engine/Content/MobileResources/HUD/MobileHUDDirectionPad.uasset" 673
"../../../Engine/Content/MobileResources/HUD/MobileHUDButton2_on.uasset" 674
"..\..\..\Engine\Content\Internationalization\icudt53l\windowsZones.res" 675
"..\..\..\Engine\Content\Internationalization\icudt53l\zoneinfo64.res" 676
"..\..\..\Engine\Content\Internationalization\icudt53l\keyTypeData.res" 677
"..\..\..\Engine\Content\Internationalization\icudt53l\timezoneTypes.res" 678
"..\..\..\Engine\Content\Internationalization\icudt53l\supplementalData.res" 679
"..\..\..\Engine\Content\Internationalization\icudt53l\likelySubtags.res" 680
